This is e-pTeX, Version 3.14159265-p3.5-130605-2.6 (utf8.sjis) (TeX Live 2014/W32TeX) (preloaded format=platex 2014.10.19)  7 JAN 2015 20:09
entering extended mode
 restricted \write18 enabled.
 %&-line parsing enabled.
**./thesis.tex
(./thesis.tex
pLaTeX2e <2006/11/10> (based on LaTeX2e <2014/05/01> patch level 0)
Babel <3.9l> and hyphenation patterns for 79 languages loaded.
(./docinfo.out) (c:/w32tex/share/texmf-dist/tex/platex/jsclasses/jsbook.cls
Document Class: jsbook 2014/02/07 okumura
LaTeX Info: Redefining \rmfamily on input line 359.
LaTeX Info: Redefining \sffamily on input line 362.
LaTeX Info: Redefining \ttfamily on input line 365.
\symmincho=\mathgroup4
LaTeX Font Info:    Overwriting symbol font `mincho' in version `bold'
(Font)                  JY1/mc/m/n --> JY1/gt/m/n on input line 430.
LaTeX Font Info:    Font shape `JT1/mc/m/n' will be
(Font)              scaled to size 9.60999pt on input line 620.
LaTeX Font Info:    Font shape `JY1/mc/m/n' will be
(Font)              scaled to size 9.60999pt on input line 620.
\fullwidth=\dimen118
LaTeX Font Info:    Font shape `JT1/mc/m/n' will be
(Font)              scaled to size 7.68799pt on input line 775.
LaTeX Font Info:    Font shape `JY1/mc/m/n' will be
(Font)              scaled to size 7.68799pt on input line 775.
\c@part=\count81
\c@chapter=\count82
\c@section=\count83
\c@subsection=\count84
\c@subsubsection=\count85
\c@paragraph=\count86
\c@subparagraph=\count87
\c@figure=\count88
\c@table=\count89
\abovecaptionskip=\skip41
\belowcaptionskip=\skip42
\js@tocl@width=\dimen119
\@lnumwidth=\dimen120
\bibindent=\dimen121
LaTeX Info: Redefining \TeX on input line 1815.
LaTeX Info: Redefining \LaTeX on input line 1841.
LaTeX Info: Redefining \LaTeXe on input line 1866.
\heisei=\count90
) (c:/w32tex/share/texmf-dist/tex/latex/graphics/graphicx.sty
Package: graphicx 2014/04/25 v1.0g Enhanced LaTeX Graphics (DPC,SPQR)

(c:/w32tex/share/texmf-dist/tex/latex/graphics/keyval.sty
Package: keyval 2014/05/08 v1.15 key=value parser (DPC)
\KV@toks@=\toks15
)
(c:/w32tex/share/texmf-dist/tex/latex/graphics/graphics.sty
Package: graphics 2009/02/05 v1.0o Standard LaTeX Graphics (DPC,SPQR)

(c:/w32tex/share/texmf-dist/tex/latex/graphics/trig.sty
Package: trig 1999/03/16 v1.09 sin cos tan (DPC)
)
(c:/w32tex/share/texmf-dist/tex/latex/config/graphics.cfg
File: graphics.cfg 2010/04/23 v1.9 graphics configuration of TeX Live
)
Package graphics Info: Driver file: dvips.def on input line 91.

(c:/w32tex/share/texmf-dist/tex/latex/graphics/dvips.def
File: dvips.def 2014/04/23 v3.0j Driver-dependant file (DPC,SPQR)
))
\Gin@req@height=\dimen122
\Gin@req@width=\dimen123
)
(c:/w32tex/share/texmf-dist/tex/latex/tools/bm.sty
Package: bm 2004/02/26 v1.1c Bold Symbol Support (DPC/FMi)
\symboldoperators=\mathgroup5
\symboldletters=\mathgroup6
\symboldsymbols=\mathgroup7
\symboldmincho=\mathgroup8
LaTeX Font Info:    Redeclaring math alphabet \mathbf on input line 137.
LaTeX Info: Redefining \bm on input line 203.
)
(c:/w32tex/share/texmf-dist/tex/latex/amsmath/amscd.sty
Package: amscd 1999/11/29 v2.0

(c:/w32tex/share/texmf-dist/tex/latex/amsmath/amsgen.sty
File: amsgen.sty 1999/11/30 v2.0
\@emptytoks=\toks16
\ex@=\dimen124
)
\athelp@=\toks17
\minaw@=\dimen125
\bigaw@=\dimen126
\minCDarrowwidth=\dimen127
)
(c:/w32tex/share/texmf-dist/tex/latex/amsfonts/amssymb.sty
Package: amssymb 2013/01/14 v3.01 AMS font symbols

(c:/w32tex/share/texmf-dist/tex/latex/amsfonts/amsfonts.sty
Package: amsfonts 2013/01/14 v3.01 Basic AMSFonts support
\symAMSa=\mathgroup9
\symAMSb=\mathgroup10
LaTeX Font Info:    Overwriting math alphabet `\mathfrak' in version `bold'
(Font)                  U/euf/m/n --> U/euf/b/n on input line 106.
))
(c:/w32tex/share/texmf-dist/tex/latex/tools/multicol.sty
Package: multicol 2014/08/24 v1.8g multicolumn formatting (FMi)
\c@tracingmulticols=\count91
\mult@box=\box41
\multicol@leftmargin=\dimen128
\c@unbalance=\count92
\c@collectmore=\count93
\doublecol@number=\count94
\multicoltolerance=\count95
\multicolpretolerance=\count96
\full@width=\dimen129
\page@free=\dimen130
\premulticols=\dimen131
\postmulticols=\dimen132
\multicolsep=\skip43
\multicolbaselineskip=\skip44
\partial@page=\box42
\last@line=\box43
\maxbalancingoverflow=\dimen133
\mult@rightbox=\box44
\mult@grightbox=\box45
\mult@gfirstbox=\box46
\mult@firstbox=\box47
\@tempa=\box48
\@tempa=\box49
\@tempa=\box50
\@tempa=\box51
\@tempa=\box52
\@tempa=\box53
\@tempa=\box54
\@tempa=\box55
\@tempa=\box56
\@tempa=\box57
\@tempa=\box58
\@tempa=\box59
\@tempa=\box60
\@tempa=\box61
\@tempa=\box62
\@tempa=\box63
\@tempa=\box64
\c@columnbadness=\count97
\c@finalcolumnbadness=\count98
\last@try=\dimen134
\multicolovershoot=\dimen135
\multicolundershoot=\dimen136
\mult@nat@firstbox=\box65
\colbreak@box=\box66
\mc@col@check@num=\count99
)
(c:/w32tex/share/texmf-dist/tex/latex/amsmath/amsmath.sty
Package: amsmath 2013/01/14 v2.14 AMS math features
\@mathmargin=\skip45

For additional information on amsmath, use the `?' option.
(c:/w32tex/share/texmf-dist/tex/latex/amsmath/amstext.sty
Package: amstext 2000/06/29 v2.01
)
(c:/w32tex/share/texmf-dist/tex/latex/amsmath/amsbsy.sty
Package: amsbsy 1999/11/29 v1.2d
LaTeX Info: Redefining \boldsymbol on input line 39.
\pmbraise@=\dimen137
)
(c:/w32tex/share/texmf-dist/tex/latex/amsmath/amsopn.sty
Package: amsopn 1999/12/14 v2.01 operator names
)
\inf@bad=\count100
LaTeX Info: Redefining \frac on input line 210.
\uproot@=\count101
\leftroot@=\count102
LaTeX Info: Redefining \overline on input line 306.
\classnum@=\count103
\DOTSCASE@=\count104
LaTeX Info: Redefining \ldots on input line 378.
LaTeX Info: Redefining \dots on input line 381.
LaTeX Info: Redefining \cdots on input line 466.
\Mathstrutbox@=\box67
\strutbox@=\box68
\big@size=\dimen138
LaTeX Font Info:    Redeclaring font encoding OML on input line 566.
LaTeX Font Info:    Redeclaring font encoding OMS on input line 567.
\macc@depth=\count105
\c@MaxMatrixCols=\count106
\dotsspace@=\muskip10
\c@parentequation=\count107
\dspbrk@lvl=\count108
\tag@help=\toks18
\row@=\count109
\column@=\count110
\maxfields@=\count111
\andhelp@=\toks19
\eqnshift@=\dimen139
\alignsep@=\dimen140
\tagshift@=\dimen141
\tagwidth@=\dimen142
\totwidth@=\dimen143
\lineht@=\dimen144
\@envbody=\toks20
\multlinegap=\skip46
\multlinetaggap=\skip47
\mathdisplay@stack=\toks21
LaTeX Info: Redefining \[ on input line 2665.
LaTeX Info: Redefining \] on input line 2666.
)
(c:/w32tex/share/texmf-dist/tex/latex/tools/array.sty
Package: array 2008/09/09 v2.4c Tabular extension package (FMi)
\col@sep=\dimen145
\extrarowheight=\dimen146
\NC@list=\toks22
\extratabsurround=\skip48
\backup@length=\skip49
) (./subfigure.sty
Package: subfigure 2002/07/30 v2.1.4 subfigure package
\subfigtopskip=\skip50
\subfigcapskip=\skip51
\subfigcaptopadj=\dimen147
\subfigbottomskip=\skip52
\subfigcapmargin=\dimen148
\subfiglabelskip=\skip53
\c@subfigure=\count112
\c@lofdepth=\count113
\c@subtable=\count114
\c@lotdepth=\count115
\subfig@top=\skip54
\subfig@bottom=\skip55
)
(c:/w32tex/share/texmf-dist/tex/latex/setspace/setspace.sty
Package: setspace 2000/12/01 6.7 Contributed and Supported LaTeX2e package

Package: `setspace' 6.7 <2000/12/01>
) (c:/w32tex/share/texmf-dist/tex/latex/url/url.sty
\Urlmuskip=\muskip11
Package: url 2013/09/16  ver 3.4  Verb mode for urls, etc.
)
(c:/w32tex/share/texmf-dist/tex/latex/txr/txfonts.sty
Package: txfonts 2008/01/22 v3.2.1
LaTeX Font Info:    Redeclaring symbol font `operators' on input line 21.
LaTeX Font Info:    Overwriting symbol font `operators' in version `normal'
(Font)                  OT1/cmr/m/n --> OT1/txr/m/n on input line 21.
LaTeX Font Info:    Overwriting symbol font `operators' in version `bold'
(Font)                  OT1/cmr/bx/n --> OT1/txr/m/n on input line 21.
LaTeX Font Info:    Overwriting symbol font `operators' in version `bold'
(Font)                  OT1/txr/m/n --> OT1/txr/bx/n on input line 22.
\symitalic=\mathgroup11
LaTeX Font Info:    Overwriting symbol font `italic' in version `bold'
(Font)                  OT1/txr/m/it --> OT1/txr/bx/it on input line 26.
LaTeX Font Info:    Redeclaring math alphabet \mathbf on input line 29.
LaTeX Font Info:    Redeclaring math alphabet \mathit on input line 30.
LaTeX Font Info:    Overwriting math alphabet `\mathit' in version `normal'
(Font)                  OT1/cmr/m/it --> OT1/txr/m/it on input line 30.
LaTeX Font Info:    Overwriting math alphabet `\mathit' in version `bold'
(Font)                  OT1/cmr/bx/it --> OT1/txr/m/it on input line 30.
LaTeX Font Info:    Overwriting math alphabet `\mathit' in version `bold'
(Font)                  OT1/txr/m/it --> OT1/txr/bx/it on input line 31.
LaTeX Font Info:    Redeclaring math alphabet \mathsf on input line 40.
LaTeX Font Info:    Overwriting math alphabet `\mathsf' in version `normal'
(Font)                  OT1/cmss/m/n --> OT1/txss/m/n on input line 40.
LaTeX Font Info:    Overwriting math alphabet `\mathsf' in version `bold'
(Font)                  OT1/cmss/bx/n --> OT1/txss/m/n on input line 40.
LaTeX Font Info:    Overwriting math alphabet `\mathsf' in version `bold'
(Font)                  OT1/txss/m/n --> OT1/txss/b/n on input line 41.
LaTeX Font Info:    Redeclaring math alphabet \mathtt on input line 50.
LaTeX Font Info:    Overwriting math alphabet `\mathtt' in version `normal'
(Font)                  OT1/cmtt/m/n --> OT1/txtt/m/n on input line 50.
LaTeX Font Info:    Overwriting math alphabet `\mathtt' in version `bold'
(Font)                  OT1/cmtt/m/n --> OT1/txtt/m/n on input line 50.
LaTeX Font Info:    Overwriting math alphabet `\mathtt' in version `bold'
(Font)                  OT1/txtt/m/n --> OT1/txtt/b/n on input line 51.
LaTeX Font Info:    Redeclaring symbol font `letters' on input line 58.
LaTeX Font Info:    Overwriting symbol font `letters' in version `normal'
(Font)                  OML/cmm/m/it --> OML/txmi/m/it on input line 58.
LaTeX Font Info:    Overwriting symbol font `letters' in version `bold'
(Font)                  OML/cmm/b/it --> OML/txmi/m/it on input line 58.
LaTeX Font Info:    Overwriting symbol font `letters' in version `bold'
(Font)                  OML/txmi/m/it --> OML/txmi/bx/it on input line 59.
\symlettersA=\mathgroup12
LaTeX Font Info:    Overwriting symbol font `lettersA' in version `bold'
(Font)                  U/txmia/m/it --> U/txmia/bx/it on input line 67.
LaTeX Font Info:    Redeclaring math alphabet \mathfrak on input line 70.
LaTeX Font Info:    Redeclaring symbol font `symbols' on input line 77.
LaTeX Font Info:    Overwriting symbol font `symbols' in version `normal'
(Font)                  OMS/cmsy/m/n --> OMS/txsy/m/n on input line 77.
LaTeX Font Info:    Overwriting symbol font `symbols' in version `bold'
(Font)                  OMS/cmsy/b/n --> OMS/txsy/m/n on input line 77.
LaTeX Font Info:    Overwriting symbol font `symbols' in version `bold'
(Font)                  OMS/txsy/m/n --> OMS/txsy/bx/n on input line 78.
LaTeX Font Info:    Redeclaring symbol font `AMSa' on input line 93.
LaTeX Font Info:    Overwriting symbol font `AMSa' in version `normal'
(Font)                  U/msa/m/n --> U/txsya/m/n on input line 93.
LaTeX Font Info:    Overwriting symbol font `AMSa' in version `bold'
(Font)                  U/msa/m/n --> U/txsya/m/n on input line 93.
LaTeX Font Info:    Overwriting symbol font `AMSa' in version `bold'
(Font)                  U/txsya/m/n --> U/txsya/bx/n on input line 94.
LaTeX Font Info:    Redeclaring symbol font `AMSb' on input line 102.
LaTeX Font Info:    Overwriting symbol font `AMSb' in version `normal'
(Font)                  U/msb/m/n --> U/txsyb/m/n on input line 102.
LaTeX Font Info:    Overwriting symbol font `AMSb' in version `bold'
(Font)                  U/msb/m/n --> U/txsyb/m/n on input line 102.
LaTeX Font Info:    Overwriting symbol font `AMSb' in version `bold'
(Font)                  U/txsyb/m/n --> U/txsyb/bx/n on input line 103.
\symsymbolsC=\mathgroup13
LaTeX Font Info:    Overwriting symbol font `symbolsC' in version `bold'
(Font)                  U/txsyc/m/n --> U/txsyc/bx/n on input line 113.
LaTeX Font Info:    Redeclaring symbol font `largesymbols' on input line 120.
LaTeX Font Info:    Overwriting symbol font `largesymbols' in version `normal'
(Font)                  OMX/cmex/m/n --> OMX/txex/m/n on input line 120.
LaTeX Font Info:    Overwriting symbol font `largesymbols' in version `bold'
(Font)                  OMX/cmex/m/n --> OMX/txex/m/n on input line 120.
LaTeX Font Info:    Overwriting symbol font `largesymbols' in version `bold'
(Font)                  OMX/txex/m/n --> OMX/txex/bx/n on input line 121.
\symlargesymbolsA=\mathgroup14
LaTeX Font Info:    Overwriting symbol font `largesymbolsA' in version `bold'
(Font)                  U/txexa/m/n --> U/txexa/bx/n on input line 129.
LaTeX Info: Redefining \not on input line 1043.
) (./thesis.sty)
(c:/w32tex/share/texmf-dist/tex/latex/graphics/color.sty
Package: color 2014/04/23 v1.1a Standard LaTeX Color (DPC)

(c:/w32tex/share/texmf-dist/tex/latex/config/color.cfg
File: color.cfg 2007/01/18 v1.5 color configuration of teTeX/TeXLive
)
Package color Info: Driver file: dvipdfmx.def on input line 137.

(c:/w32tex/share/texmf-dist/tex/latex/dvipdfmx-def/dvipdfmx.def
File: dvipdfmx.def 2014/07/25 v4.03 LaTeX color/graphics driver for dvipdfmx (T
eX Live/ChoF)
)
(c:/w32tex/share/texmf-dist/tex/latex/graphics/dvipsnam.def
File: dvipsnam.def 2014/04/23 v3.0j Driver-dependant file (DPC,SPQR)
)) (./thesis.aux
(./chaps/introduction.aux) (./chaps/relatedwork.aux

LaTeX Warning: Label `fig:one' multiply defined.


LaTeX Warning: Label `fig:two' multiply defined.


LaTeX Warning: Label `fig:one' multiply defined.


LaTeX Warning: Label `fig:two' multiply defined.


LaTeX Warning: Label `F' multiply defined.

) (./chaps/knowledge.aux

LaTeX Warning: Label `F' multiply defined.

) (./chaps/experiment.aux

LaTeX Warning: Label `FExpparts' multiply defined.


LaTeX Warning: Label `fig:it-PP' multiply defined.


LaTeX Warning: Label `sub@fig:it-PP' multiply defined.


LaTeX Warning: Label `fig:st-PP' multiply defined.


LaTeX Warning: Label `sub@fig:st-PP' multiply defined.


LaTeX Warning: Label `fig:at-PP' multiply defined.


LaTeX Warning: Label `sub@fig:at-PP' multiply defined.


LaTeX Warning: Label `fig:at-PP' multiply defined.


LaTeX Warning: Label `sub@fig:at-PP' multiply defined.


LaTeX Warning: Label `FExp' multiply defined.


LaTeX Warning: Label `FExp' multiply defined.

) (./chaps/method.aux) (./chaps/result.aux

LaTeX Warning: Label `S' multiply defined.


LaTeX Warning: Label `SS' multiply defined.


LaTeX Warning: Label `FNoisePlane' multiply defined.


LaTeX Warning: Label `sub@FNoisePlane' multiply defined.


LaTeX Warning: Label `FNoiseSphere' multiply defined.


LaTeX Warning: Label `sub@FNoiseSphere' multiply defined.


LaTeX Warning: Label `FMarker0' multiply defined.


LaTeX Warning: Label `sub@FMarker0' multiply defined.


LaTeX Warning: Label `FMarker1' multiply defined.


LaTeX Warning: Label `sub@FMarker1' multiply defined.


LaTeX Warning: Label `FMarker2' multiply defined.


LaTeX Warning: Label `sub@FMarker2' multiply defined.


LaTeX Warning: Label `FMarker3' multiply defined.


LaTeX Warning: Label `sub@FMarker3' multiply defined.

) (./chaps/conclusion.aux) (./chaps/acknowledgement.aux))
\openout1 = `thesis.aux'.

LaTeX Font Info:    Checking defaults for OML/txmi/m/it on input line 105.
LaTeX Font Info:    Try loading font information for OML+txmi on input line 105
.

(c:/w32tex/share/texmf-dist/tex/latex/txr/omltxmi.fd
File: omltxmi.fd 2000/12/15 v3.1
)
LaTeX Font Info:    ... okay on input line 105.
LaTeX Font Info:    Checking defaults for T1/cmr/m/n on input line 105.
LaTeX Font Info:    ... okay on input line 105.
LaTeX Font Info:    Checking defaults for OT1/cmr/m/n on input line 105.
LaTeX Font Info:    ... okay on input line 105.
LaTeX Font Info:    Checking defaults for OMS/txsy/m/n on input line 105.
LaTeX Font Info:    Try loading font information for OMS+txsy on input line 105
.

(c:/w32tex/share/texmf-dist/tex/latex/txr/omstxsy.fd
File: omstxsy.fd 2000/12/15 v3.1
)
LaTeX Font Info:    ... okay on input line 105.
LaTeX Font Info:    Checking defaults for OMX/txex/m/n on input line 105.
LaTeX Font Info:    Try loading font information for OMX+txex on input line 105
.

(c:/w32tex/share/texmf-dist/tex/latex/txr/omxtxex.fd
File: omxtxex.fd 2000/12/15 v3.1
)
LaTeX Font Info:    ... okay on input line 105.
LaTeX Font Info:    Checking defaults for U/txexa/m/n on input line 105.
LaTeX Font Info:    Try loading font information for U+txexa on input line 105.


(c:/w32tex/share/texmf-dist/tex/latex/txr/utxexa.fd
File: utxexa.fd 2000/12/15 v3.1
)
LaTeX Font Info:    ... okay on input line 105.
LaTeX Font Info:    Checking defaults for JY1/mc/m/n on input line 105.
LaTeX Font Info:    ... okay on input line 105.
LaTeX Font Info:    Checking defaults for JT1/mc/m/n on input line 105.
LaTeX Font Info:    ... okay on input line 105.

(I search kanjifont definition file: . . ) (I search font definition file: . .
. . . . . )
LaTeX Font Info:    Try loading font information for OT1+txr on input line 105.

 (c:/w32tex/share/texmf-dist/tex/latex/txr/ot1txr.fd
File: ot1txr.fd 2000/12/15 v3.1
)
LaTeX Font Info:    Font shape `JT1/mc/m/n' will be
(Font)              scaled to size 16.60605pt on input line 108.
LaTeX Font Info:    Font shape `JY1/mc/m/n' will be
(Font)              scaled to size 16.60605pt on input line 108.
LaTeX Font Info:    Font shape `JT1/mc/m/n' will be
(Font)              scaled to size 19.9311pt on input line 108.
LaTeX Font Info:    Font shape `JY1/mc/m/n' will be
(Font)              scaled to size 19.9311pt on input line 108.
 [1


] [2

]
LaTeX Font Info:    Font shape `JT1/gt/m/n' will be
(Font)              scaled to size 9.60999pt on input line 114.
LaTeX Font Info:    Font shape `JY1/gt/m/n' will be
(Font)              scaled to size 9.60999pt on input line 114.
LaTeX Font Info:    Try loading font information for OT1+txss on input line 114
.

(c:/w32tex/share/texmf-dist/tex/latex/txr/ot1txss.fd
File: ot1txss.fd 2000/12/15 v3.1
)
LaTeX Font Info:    Font shape `OT1/txss/m/n' will be
(Font)              scaled to size 9.49997pt on input line 114.
LaTeX Font Info:    Font shape `JT1/mc/m/n' will be
(Font)              scaled to size 23.90964pt on input line 114.
LaTeX Font Info:    Font shape `JY1/mc/m/n' will be
(Font)              scaled to size 23.90964pt on input line 114.
LaTeX Font Info:    Font shape `JT1/gt/m/n' will be
(Font)              scaled to size 23.90964pt on input line 114.
LaTeX Font Info:    Font shape `JY1/gt/m/n' will be
(Font)              scaled to size 23.90964pt on input line 114.
LaTeX Font Info:    Font shape `OT1/txss/m/n' will be
(Font)              scaled to size 23.63593pt on input line 114.
 (./thesis.toc
LaTeX Font Info:    Font shape `JY1/mc/m/n' will be
(Font)              scaled to size 6.72699pt on input line 2.
LaTeX Font Info:    Font shape `JY1/mc/m/n' will be
(Font)              scaled to size 4.805pt on input line 2.
LaTeX Font Info:    Font shape `JY1/gt/m/n' will be
(Font)              scaled to size 6.72699pt on input line 2.
LaTeX Font Info:    Font shape `JY1/gt/m/n' will be
(Font)              scaled to size 4.805pt on input line 2.
LaTeX Font Info:    Try loading font information for U+txsya on input line 2.

(c:/w32tex/share/texmf-dist/tex/latex/txr/utxsya.fd
File: utxsya.fd 2000/12/15 v3.1
)
LaTeX Font Info:    Try loading font information for U+txsyb on input line 2.

(c:/w32tex/share/texmf-dist/tex/latex/txr/utxsyb.fd
File: utxsyb.fd 2000/12/15 v3.1
)
LaTeX Font Info:    Try loading font information for U+txmia on input line 2.

(c:/w32tex/share/texmf-dist/tex/latex/txr/utxmia.fd
File: utxmia.fd 2000/12/15 v3.1
)
LaTeX Font Info:    Try loading font information for U+txsyc on input line 2.

(c:/w32tex/share/texmf-dist/tex/latex/txr/utxsyc.fd
File: utxsyc.fd 2000/12/15 v3.1
)
LaTeX Font Info:    Font shape `JT1/mc/bx/n' in size <10> not available
(Font)              Font shape `JT1/gt/m/n' tried instead on input line 18.
LaTeX Font Info:    Font shape `JT1/gt/m/n' will be
(Font)              scaled to size 9.60999pt on input line 18.
LaTeX Font Info:    Font shape `JY1/mc/bx/n' in size <10> not available
(Font)              Font shape `JY1/gt/m/n' tried instead on input line 18.
LaTeX Font Info:    Font shape `JY1/gt/m/n' will be
(Font)              scaled to size 9.60999pt on input line 18.
 [3


] [4] [5])
\tf@toc=\write3
\openout3 = `thesis.toc'.

 [6]
(./thesis.lof [7

] [8])
\tf@lof=\write4
\openout4 = `thesis.lof'.

 [9] [10

] (./thesis.lot)
\tf@lot=\write5
\openout5 = `thesis.lot'.

 [11] [12

]
\openout2 = `chaps/introduction.aux'.


(./chaps/introduction.tex
第1章
LaTeX Font Info:    Font shape `JT1/gt/m/n' will be
(Font)              scaled to size 19.9311pt on input line 1.
LaTeX Font Info:    Font shape `JY1/gt/m/n' will be
(Font)              scaled to size 19.9311pt on input line 1.
LaTeX Font Info:    Font shape `OT1/txss/m/n' will be
(Font)              scaled to size 19.70294pt on input line 1.
LaTeX Font Info:    Font shape `JT1/mc/m/n' will be
(Font)              scaled to size 13.83836pt on input line 4.
LaTeX Font Info:    Font shape `JY1/mc/m/n' will be
(Font)              scaled to size 13.83836pt on input line 4.
LaTeX Font Info:    Font shape `JT1/gt/m/n' will be
(Font)              scaled to size 13.83836pt on input line 4.
LaTeX Font Info:    Font shape `JY1/gt/m/n' will be
(Font)              scaled to size 13.83836pt on input line 4.
LaTeX Font Info:    Font shape `OT1/txss/m/n' will be
(Font)              scaled to size 13.67995pt on input line 4.
LaTeX Font Info:    Font shape `JT1/mc/m/n' will be
(Font)              scaled to size 11.53198pt on input line 17.
LaTeX Font Info:    Font shape `JY1/mc/m/n' will be
(Font)              scaled to size 11.53198pt on input line 17.
LaTeX Font Info:    Font shape `JT1/gt/m/n' will be
(Font)              scaled to size 11.53198pt on input line 17.
LaTeX Font Info:    Font shape `JY1/gt/m/n' will be
(Font)              scaled to size 11.53198pt on input line 17.
LaTeX Font Info:    Font shape `OT1/txss/m/n' will be
(Font)              scaled to size 11.39996pt on input line 17.
[1


] [2] [3]

LaTeX Warning: Reference `' on page 4 undefined on input line 74.


LaTeX Warning: Reference `' on page 4 undefined on input line 74.


LaTeX Warning: Reference `' on page 4 undefined on input line 75.

[4]) [5]
\openout2 = `chaps/relatedwork.aux'.

 (./chaps/relatedwork.tex [6



]
第2章
File: ./img/back_hq.png Graphic file (type bmp)
<./img/back_hq.png>
Overfull \hbox (43.8242pt too wide) in paragraph at lines 24--25
 [] 
 []

LaTeX Font Info:    Font shape `JT1/mc/m/n' will be
(Font)              scaled to size 8.64899pt on input line 26.
LaTeX Font Info:    Font shape `JY1/mc/m/n' will be
(Font)              scaled to size 8.64899pt on input line 26.
File: ./img/sparkles.png Graphic file (type bmp)
<./img/sparkles.png>
Overfull \hbox (60.15292pt too wide) in paragraph at lines 22--36
[]$[]$ $[]$ 
 []

[7]
File: ./img/porsche01.png Graphic file (type bmp)
 <./img/porsche01.png>
Overfull \hbox (43.8242pt too wide) in paragraph at lines 42--43
 [] 
 []

File: ./img/porsche03.png Graphic file (type bmp)
<./img/porsche03.png>
Overfull \hbox (60.15292pt too wide) in paragraph at lines 40--54
[]$[]$ $[]$ 
 []

[8]
File: ./img/heel_ornament.jpg Graphic file (type bmp)
 <./img/heel_ornament.jpg>
File: ./img/syabon_iwasaki.jpg Graphic file (type bmp)
 <./img/syabon_iwasaki.jpg>
File: ./img/kouseki_weidlich.jpg Graphic file (type bmp)

<./img/kouseki_weidlich.jpg>

LaTeX Warning: Reference `' on page 9 undefined on input line 93.


LaTeX Warning: Reference `' on page 9 undefined on input line 93.

[9] [10]
File: ./img/morpho_s.jpg Graphic file (type bmp)
 <./img/morpho_s.jpg>
File: ./img/Morpho_sadeghi.png Graphic file (type bmp)
 <./img/Morpho_sadeghi.png>
File: ./img/morpho_okada.jpg Graphic file (type bmp)

<./img/morpho_okada.jpg> [11] [12]
File: ./img/mft_purple_cloth_ld.jpg Graphic file (type bmp)
 <./img/mft_purple_cloth_ld.jpg>
Overfull \hbox (43.8242pt too wide) in paragraph at lines 131--132
 [] 
 []

File: ./img/mft_zoom_ld.jpg Graphic file (type bmp)
<./img/mft_zoom_ld.jpg>
Overfull \hbox (60.15292pt too wide) in paragraph at lines 129--143
[]$[]$ $[]$ 
 []

File: ./img/cussions.jpg Graphic file (type bmp)
<./img/cussions.jpg>
Overfull \hbox (9.11636pt too wide) in paragraph at lines 147--148
 [][] 
 []

) [13] [14]
\openout2 = `chaps/knowledge.aux'.

 (./chaps/knowledge.tex
第3章
[15



]
File: ./img/renrituzougan.jpg Graphic file (type bmp)
 <./img/renrituzougan.jpg>

LaTeX Warning: `h' float specifier changed to `ht'.

File: ./img/tyoufukuzougan.jpg Graphic file (type bmp)
<./img/tyoufukuzougan.jpg>

LaTeX Warning: `h' float specifier changed to `ht'.


LaTeX Warning: Reference `' on page 16 undefined on input line 66.

[16] [17]
LaTeX Font Info:    Font shape `JT1/mc/m/it' in size <10> not available
(Font)              Font shape `JT1/mc/m/n' tried instead on input line 98.
LaTeX Font Info:    Font shape `JT1/mc/m/n' will be
(Font)              scaled to size 9.60999pt on input line 98.
LaTeX Font Info:    Font shape `JY1/mc/m/it' in size <10> not available
(Font)              Font shape `JY1/mc/m/n' tried instead on input line 98.
LaTeX Font Info:    Font shape `JY1/mc/m/n' will be
(Font)              scaled to size 9.60999pt on input line 98.
 [18]

LaTeX Warning: Reference `' on page 19 undefined on input line 111.

[19]
File: ./img/sidepupil_exp.eps Graphic file (type eps)
 <./img/sidepupil_exp.eps>) [20] [21]
\openout2 = `chaps/experiment.aux'.

 (./chaps/experiment.tex [22



]
第4章
[23]
LaTeX Font Info:    Try loading font information for OMS+txr on input line 27.
 (c:/w32tex/share/texmf-dist/tex/latex/txr/omstxr.fd
File: omstxr.fd 2000/12/15 v3.1
)
LaTeX Font Info:    Font shape `OMS/txr/m/n' in size <10> not available
(Font)              Font shape `OMS/txsy/m/n' tried instead on input line 27.
File: ./img/exp_asemble_parts.jpg Graphic file (type bmp)

<./img/exp_asemble_parts.jpg> [24]
File: ./img/exp_metal_black.jpg Graphic file (type bmp)
 <./img/exp_metal_black.jpg> [25]

LaTeX Warning: Reference `FSingleFisrt' on page 26 undefined on input line 69.


LaTeX Warning: Reference `FSingleTouritsu' on page 26 undefined on input line 7
0.


LaTeX Warning: Reference `FSingleSecond' on page 26 undefined on input line 71.


File: ./img/exp_first_kakudai.jpg Graphic file (type bmp)
<./img/exp_first_kakudai.jpg>
File: ./img/exp_second_kakudai.jpg Graphic file (type bmp)
 <./img/exp_second_kakudai.jpg>
File: ./img/exp_touritsu.jpg Graphic file (type bmp)

<./img/exp_touritsu.jpg>
File: ./img/exp_wood.jpg Graphic file (type bmp)
 <./img/exp_wood.jpg> [26] [27]
File: ./img/exp_narabe_six.jpg Graphic file (type bmp)

<./img/exp_narabe_six.jpg>
File: ./img/exp_narabe_all.jpg Graphic file (type bmp)
 <./img/exp_narabe_all.jpg>

LaTeX Warning: Reference `FExpMove' on page 28 undefined on input line 127.

File: ./img/exp_res_01.jpg Graphic file (type bmp)
<./img/exp_res_01.jpg>
File: ./img/exp_res_02.jpg Graphic file (type bmp)
 <./img/exp_res_02.jpg>
File: ./img/exp_res_03.jpg Graphic file (type bmp)
 <./img/exp_res_03.jpg>
File: ./img/exp_res_04.jpg Graphic file (type bmp)

<./img/exp_res_04.jpg>
File: ./img/exp_largespot.png Graphic file (type bmp)
 <./img/exp_largespot.png>
File: ./img/exp_middlespot.png Graphic file (type bmp)
 <./img/exp_middlespot.png>
File: ./img/exp_largespot_circle.png Graphic file (type bmp)

<./img/exp_largespot_circle.png>
File: ./img/exp_middlespot_circle.png Graphic file (type bmp)
 <./img/exp_middlespot_circle.png>

LaTeX Warning: Reference `' on page 28 undefined on input line 167.


LaTeX Warning: Reference `' on page 28 undefined on input line 168.

[28] [29] [30] [31]) [32]
\openout2 = `chaps/method.aux'.

 (./chaps/method.tex
第5章

LaTeX Warning: Reference `SCalcdata' on page 33 undefined on input line 7.

File: ./img/surface_sphere.eps Graphic file (type eps)
<./img/surface_sphere.eps>

LaTeX Warning: `h' float specifier changed to `ht'.

[33



]
File: ./img/TEMP.eps Graphic file (type eps)
 <./img/TEMP.eps>

LaTeX Warning: `h' float specifier changed to `ht'.

[34]
File: ./img/TEMP.eps Graphic file (type eps)
 <./img/TEMP.eps>

LaTeX Warning: `h' float specifier changed to `ht'.


LaTeX Warning: Reference `' on page 35 undefined on input line 68.

[35]
File: ./img/sphere_position.eps Graphic file (type eps)
 <./img/sphere_position.eps>

LaTeX Warning: `h' float specifier changed to `ht'.

[36] [37]

LaTeX Warning: Reference `' on page 38 undefined on input line 117.

[38] [39]
File: ./img/TEMP.eps Graphic file (type eps)
 <./img/TEMP.eps> [40]
File: ./img/TEMP.eps Graphic file (type eps)
 <./img/TEMP.eps> [41] [42] [43]

LaTeX Warning: Reference `' on page 44 undefined on input line 351.


LaTeX Warning: Reference `' on page 44 undefined on input line 352.

[44]

LaTeX Warning: Reference `' on page 45 undefined on input line 400.

[45]
File: ./img/graph/next_sphere_algorithm.png Graphic file (type bmp)
 <./img/graph/next_sphere_algorithm.png>

LaTeX Warning: `h' float specifier changed to `ht'.


LaTeX Warning: Reference `' on page 46 undefined on input line 431.

[46] [47] [48]) [49]
\openout2 = `chaps/result.aux'.

 (./chaps/result.tex [50



]
第6章
File: ./img/screenshot/sphere/Noise/pscreenshot005.bmp Graphic file (type bmp)
<./img/screenshot/sphere/Noise/pscreenshot005.bmp>
File: ./img/screenshot/sphere/Noise/screenshot000.bmp Graphic file (type bmp)

<./img/screenshot/sphere/Noise/screenshot000.bmp> [51] [52]
File: ./img/screenshot/sphere/Radius/1_30/screenshot000.bmp Graphic file (type 
bmp)

<./img/screenshot/sphere/Radius/1_30/screenshot000.bmp>
LaTeX Font Info:    Font shape `JY1/mc/m/n' will be
(Font)              scaled to size 5.76599pt on input line 88.
LaTeX Font Info:    Font shape `JY1/gt/m/n' will be
(Font)              scaled to size 7.68799pt on input line 88.
LaTeX Font Info:    Font shape `JY1/gt/m/n' will be
(Font)              scaled to size 5.76599pt on input line 88.
File: ./img/screenshot/sphere/Radius/1_30/screenshot001.bmp Graphic file (type 
bmp)

<./img/screenshot/sphere/Radius/1_30/screenshot001.bmp>
File: ./img/screenshot/sphere/Radius/1_30/screenshot002.bmp Graphic file (type 
bmp)

<./img/screenshot/sphere/Radius/1_30/screenshot002.bmp>
File: ./img/screenshot/sphere/Radius/1_24/screenshot000.bmp Graphic file (type 
bmp)

<./img/screenshot/sphere/Radius/1_24/screenshot000.bmp>
File: ./img/screenshot/sphere/Radius/1_24/screenshot001.bmp Graphic file (type 
bmp)

<./img/screenshot/sphere/Radius/1_24/screenshot001.bmp>
File: ./img/screenshot/sphere/Radius/1_24/screenshot002.bmp Graphic file (type 
bmp)

<./img/screenshot/sphere/Radius/1_24/screenshot002.bmp>
File: ./img/screenshot/sphere/Radius/1_16/screenshot000.bmp Graphic file (type 
bmp)

<./img/screenshot/sphere/Radius/1_16/screenshot000.bmp>
File: ./img/screenshot/sphere/Radius/1_16/screenshot001.bmp Graphic file (type 
bmp)

<./img/screenshot/sphere/Radius/1_16/screenshot001.bmp>
File: ./img/screenshot/sphere/Radius/1_16/screenshot002.bmp Graphic file (type 
bmp)

<./img/screenshot/sphere/Radius/1_16/screenshot002.bmp>
File: ./img/screenshot/sphere/Radius/1_10/screenshot000.bmp Graphic file (type 
bmp)

<./img/screenshot/sphere/Radius/1_10/screenshot000.bmp>
File: ./img/screenshot/sphere/Radius/1_10/screenshot001.bmp Graphic file (type 
bmp)

<./img/screenshot/sphere/Radius/1_10/screenshot001.bmp>
File: ./img/screenshot/sphere/Radius/1_10/screenshot002.bmp Graphic file (type 
bmp)

<./img/screenshot/sphere/Radius/1_10/screenshot002.bmp>
LaTeX Font Info:    Font shape `JY1/gt/m/n' will be
(Font)              scaled to size 8.64899pt on input line 122.


LaTeX Warning: Float too large for page by 8.39597pt on input line 124.

[53] [54]
File: ./img/screenshot/sphere/Distortion/tex_tortion1.png Graphic file (type bm
p)
 <./img/screenshot/sphere/Distortion/tex_tortion1.png>
File: ./img/screenshot/sphere/Distortion/screenshot000.bmp Graphic file (type b
mp)

<./img/screenshot/sphere/Distortion/screenshot000.bmp>
File: ./img/screenshot/sphere/Distortion/tex_tortion2.png Graphic file (type bm
p)

<./img/screenshot/sphere/Distortion/tex_tortion2.png>
File: ./img/screenshot/sphere/Distortion/screenshot001.bmp Graphic file (type b
mp)

<./img/screenshot/sphere/Distortion/screenshot001.bmp>
File: ./img/screenshot/sphere/Distortion/tex_tortion3.png Graphic file (type bm
p)

<./img/screenshot/sphere/Distortion/tex_tortion3.png>
File: ./img/screenshot/sphere/Distortion/screenshot002.bmp Graphic file (type b
mp)

<./img/screenshot/sphere/Distortion/screenshot002.bmp>

LaTeX Warning: Float too large for page by 3.05792pt on input line 164.

[55] [56]
File: ./img/screenshot/texture/spot.jpg Graphic file (type bmp)
 <./img/screenshot/texture/spot.jpg>
File: ./img/screenshot/texture/spot.bmp Graphic file (type bmp)

<./img/screenshot/texture/spot.bmp>
File: ./img/screenshot/texture/a.jpg Graphic file (type bmp)
 <./img/screenshot/texture/a.jpg>
File: ./img/screenshot/texture/a.bmp Graphic file (type bmp)

<./img/screenshot/texture/a.bmp>
File: ./img/screenshot/texture/colormap.jpg Graphic file (type bmp)
 <./img/screenshot/texture/colormap.jpg>
File: ./img/screenshot/texture/colormap.bmp Graphic file (type bmp)

<./img/screenshot/texture/colormap.bmp>
File: ./img/screenshot/texture/spot5.jpg Graphic file (type bmp)
 <./img/screenshot/texture/spot5.jpg>
File: ./img/screenshot/texture/spot5.bmp Graphic file (type bmp)

<./img/screenshot/texture/spot5.bmp>

LaTeX Warning: Float too large for page by 3.05792pt on input line 213.

[57]
File: ./img/screenshot/plane_wireframe.png Graphic file (type bmp)
 <./img/screenshot/plane_wireframe.png>
File: ./img/screenshot/sphere_wireframe.png Graphic file (type bmp)

<./img/screenshot/sphere_wireframe.png> [58] [59] [60]
File: ./img/screenshot/sphere/RefracLimit/000/screenshot002.bmp Graphic file (t
ype bmp)

<./img/screenshot/sphere/RefracLimit/000/screenshot002.bmp>
File: ./img/screenshot/sphere/RefracLimit/001/screenshot002.bmp Graphic file (t
ype bmp)

<./img/screenshot/sphere/RefracLimit/001/screenshot002.bmp>
File: ./img/screenshot/sphere/RefracLimit/002/screenshot002.bmp Graphic file (t
ype bmp)

<./img/screenshot/sphere/RefracLimit/002/screenshot002.bmp>
File: ./img/screenshot/sphere/RefracLimit/003/screenshot002.bmp Graphic file (t
ype bmp)

<./img/screenshot/sphere/RefracLimit/003/screenshot002.bmp>
File: ./img/screenshot/sphere/RefracLimit/005/screenshot002.bmp Graphic file (t
ype bmp)

<./img/screenshot/sphere/RefracLimit/005/screenshot002.bmp>
File: ./img/screenshot/sphere/RefracLimit/010/screenshot002.bmp Graphic file (t
ype bmp)

<./img/screenshot/sphere/RefracLimit/010/screenshot002.bmp>

LaTeX Warning: Float too large for page by 3.05792pt on input line 290.

File: ./img/screenshot/sphere/RefracLimit/000/screenshot001.bmp Graphic file (t
ype bmp)
<./img/screenshot/sphere/RefracLimit/000/screenshot001.bmp>
File: ./img/screenshot/sphere/RefracLimit/001/screenshot001.bmp Graphic file (t
ype bmp)

<./img/screenshot/sphere/RefracLimit/001/screenshot001.bmp>
File: ./img/screenshot/sphere/RefracLimit/002/screenshot001.bmp Graphic file (t
ype bmp)

<./img/screenshot/sphere/RefracLimit/002/screenshot001.bmp>
File: ./img/screenshot/sphere/RefracLimit/003/screenshot001.bmp Graphic file (t
ype bmp)

<./img/screenshot/sphere/RefracLimit/003/screenshot001.bmp>
File: ./img/screenshot/sphere/RefracLimit/005/screenshot001.bmp Graphic file (t
ype bmp)

<./img/screenshot/sphere/RefracLimit/005/screenshot001.bmp>
File: ./img/screenshot/sphere/RefracLimit/010/screenshot001.bmp Graphic file (t
ype bmp)

<./img/screenshot/sphere/RefracLimit/010/screenshot001.bmp>

LaTeX Warning: Float too large for page by 3.05792pt on input line 314.

[61] [62] [63]
File: ./img/screenshot/sphere/RefracLimit/001/pupil4_explain.png Graphic file (
type bmp)
 <./img/screenshot/sphere/RefracLimit/001/pupil4_explain.png>
File: ./img/screenshot/sphere/RefracLimit/001/pupil3_explain.png Graphic file (
type bmp)

<./img/screenshot/sphere/RefracLimit/001/pupil3_explain.png>
File: ./img/graph/exetime_average.png Graphic file (type bmp)

<./img/graph/exetime_average.png>
File: ./img/graph/exetime_samp.png Graphic file (type bmp)
 <./img/graph/exetime_samp.png> [64] [65]
[66]
File: ./img/screenshot/sphere/RefracLimit/000/marker4.png Graphic file (type bm
p)
 <./img/screenshot/sphere/RefracLimit/000/marker4.png>
File: ./img/screenshot/sphere/RefracLimit/001/marker4.png Graphic file (type bm
p)

<./img/screenshot/sphere/RefracLimit/001/marker4.png>
File: ./img/screenshot/sphere/RefracLimit/002/marker4.png Graphic file (type bm
p)

<./img/screenshot/sphere/RefracLimit/002/marker4.png>
File: ./img/screenshot/sphere/RefracLimit/003/marker4.png Graphic file (type bm
p)

<./img/screenshot/sphere/RefracLimit/003/marker4.png>
File: ./img/screenshot/sphere/RefracLimit/000/marker.png Graphic file (type bmp
)

<./img/screenshot/sphere/RefracLimit/000/marker.png>
File: ./img/screenshot/sphere/RefracLimit/001/marker.png Graphic file (type bmp
)

<./img/screenshot/sphere/RefracLimit/001/marker.png>
File: ./img/screenshot/sphere/RefracLimit/002/marker.png Graphic file (type bmp
)

<./img/screenshot/sphere/RefracLimit/002/marker.png>
File: ./img/screenshot/sphere/RefracLimit/003/marker.png Graphic file (type bmp
)

<./img/screenshot/sphere/RefracLimit/003/marker.png> [67]
File: ./img/screenshot/distance/screenshot000.bmp Graphic file (type bmp)

<./img/screenshot/distance/screenshot000.bmp>
File: ./img/screenshot/distance/screenshot003.bmp Graphic file (type bmp)

<./img/screenshot/distance/screenshot003.bmp>
File: ./img/screenshot/distance/screenshot006.bmp Graphic file (type bmp)

<./img/screenshot/distance/screenshot006.bmp>
File: ./img/screenshot/distance/screenshot007.bmp Graphic file (type bmp)

<./img/screenshot/distance/screenshot007.bmp>
File: ./img/screenshot/distance/merge.png Graphic file (type bmp)

<./img/screenshot/distance/merge.png> [68]
File: ./img/graph/dist_plane.png Graphic file (type bmp)
 <./img/graph/dist_plane.png>
File: ./img/graph/dist_sphere.png Graphic file (type bmp)

<./img/graph/dist_sphere.png> [69]
File: ./img/screenshot/distance/plane_fps/screenshot001.bmp Graphic file (type 
bmp)

<./img/screenshot/distance/plane_fps/screenshot001.bmp>
File: ./img/screenshot/distance/plane_fps/screenshot002.bmp Graphic file (type 
bmp)

<./img/screenshot/distance/plane_fps/screenshot002.bmp>
File: ./img/screenshot/distance/plane_fps/screenshot003.bmp Graphic file (type 
bmp)

<./img/screenshot/distance/plane_fps/screenshot003.bmp>
File: ./img/screenshot/distance/plane_fps/screenshot004.bmp Graphic file (type 
bmp)

<./img/screenshot/distance/plane_fps/screenshot004.bmp>
File: ./img/screenshot/distance/plane_fps/screenshot005.bmp Graphic file (type 
bmp)

<./img/screenshot/distance/plane_fps/screenshot005.bmp>
File: ./img/screenshot/distance/plane_fps/screenshot006.bmp Graphic file (type 
bmp)

<./img/screenshot/distance/plane_fps/screenshot006.bmp>
File: ./img/screenshot/distance/sphere_fps/screenshot001.bmp Graphic file (type
 bmp)

<./img/screenshot/distance/sphere_fps/screenshot001.bmp>
File: ./img/screenshot/distance/sphere_fps/screenshot002.bmp Graphic file (type
 bmp)

<./img/screenshot/distance/sphere_fps/screenshot002.bmp>
File: ./img/screenshot/distance/sphere_fps/screenshot003.bmp Graphic file (type
 bmp)

<./img/screenshot/distance/sphere_fps/screenshot003.bmp>
File: ./img/screenshot/distance/sphere_fps/screenshot004.bmp Graphic file (type
 bmp)

<./img/screenshot/distance/sphere_fps/screenshot004.bmp>
File: ./img/screenshot/distance/sphere_fps/screenshot005.bmp Graphic file (type
 bmp)

<./img/screenshot/distance/sphere_fps/screenshot005.bmp>
File: ./img/screenshot/distance/sphere_fps/screenshot006.bmp Graphic file (type
 bmp)

<./img/screenshot/distance/sphere_fps/screenshot006.bmp> [70] [71]
File: ./img/screenshot/texreso/plane_rs1.bmp Graphic file (type bmp)

<./img/screenshot/texreso/plane_rs1.bmp>
File: ./img/screenshot/texreso/plane_rs5.bmp Graphic file (type bmp)

<./img/screenshot/texreso/plane_rs5.bmp>
File: ./img/screenshot/texreso/plane_rs10.bmp Graphic file (type bmp)

<./img/screenshot/texreso/plane_rs10.bmp>
File: ./img/screenshot/texreso/plane_rs50.bmp Graphic file (type bmp)

<./img/screenshot/texreso/plane_rs50.bmp>
File: ./img/screenshot/texreso/plane_rs100.bmp Graphic file (type bmp)

<./img/screenshot/texreso/plane_rs100.bmp>
File: ./img/screenshot/texreso/plane_rs500.bmp Graphic file (type bmp)

<./img/screenshot/texreso/plane_rs500.bmp>

LaTeX Warning: Float too large for page by 3.05792pt on input line 539.

File: ./img/screenshot/texreso/sphere_rs1.bmp Graphic file (type bmp)
<./img/screenshot/texreso/sphere_rs1.bmp>
File: ./img/screenshot/texreso/sphere_rs5.bmp Graphic file (type bmp)

<./img/screenshot/texreso/sphere_rs5.bmp>
File: ./img/screenshot/texreso/sphere_rs10.bmp Graphic file (type bmp)

<./img/screenshot/texreso/sphere_rs10.bmp>
File: ./img/screenshot/texreso/sphere_rs50.bmp Graphic file (type bmp)

<./img/screenshot/texreso/sphere_rs50.bmp>
File: ./img/screenshot/texreso/sphere_rs100.bmp Graphic file (type bmp)

<./img/screenshot/texreso/sphere_rs100.bmp>
File: ./img/screenshot/texreso/sphere_rs500.bmp Graphic file (type bmp)

<./img/screenshot/texreso/sphere_rs500.bmp>

LaTeX Warning: Float too large for page by 3.05792pt on input line 563.

[72]
File: ./img/screenshot/sphere/RefracLimit/005/screenshot002.bmp Graphic file (t
ype bmp)
 <./img/screenshot/sphere/RefracLimit/005/screenshot002.bmp>
File: ./img/arrow4.png Graphic file (type bmp)

<./img/arrow4.png>
File: ./img/screenshot/sphere/RefracLimit/005/screenshot001.bmp Graphic file (t
ype bmp)
 <./img/screenshot/sphere/RefracLimit/005/screenshot001.bmp>
File: ./img/arrow3.png Graphic file (type bmp)

<./img/arrow3.png> [73] [74] [75]
File: ./img/crazy_bird.jpg Graphic file (type bmp)
 <./img/crazy_bird.jpg>
File: ./img/arrow_crazy_bird.png Graphic file (type bmp)

<./img/arrow_crazy_bird.png>
File: ./img/yagi1-hex-real.png Graphic file (type bmp)
 <./img/yagi1-hex-real.png>
File: ./img/yagi1-ring-real.png Graphic file (type bmp)

<./img/yagi1-ring-real.png> [76]
File: ./img/screenshot/obj/shell/screenshot001.bmp Graphic file (type bmp)

<./img/screenshot/obj/shell/screenshot001.bmp>
File: ./img/screenshot/obj/shell/screenshot002.bmp Graphic file (type bmp)

<./img/screenshot/obj/shell/screenshot002.bmp>
File: ./img/screenshot/obj/shell/screenshot003.bmp Graphic file (type bmp)

<./img/screenshot/obj/shell/screenshot003.bmp>
File: ./img/screenshot/obj/shell/screenshot004.bmp Graphic file (type bmp)

<./img/screenshot/obj/shell/screenshot004.bmp>
File: ./img/screenshot/obj/tori_head/screenshot001.bmp Graphic file (type bmp)

<./img/screenshot/obj/tori_head/screenshot001.bmp>
File: ./img/screenshot/obj/tori_head/screenshot002.bmp Graphic file (type bmp)

<./img/screenshot/obj/tori_head/screenshot002.bmp>
File: ./img/screenshot/obj/tori_head/screenshot003.bmp Graphic file (type bmp)

<./img/screenshot/obj/tori_head/screenshot003.bmp>
File: ./img/screenshot/obj/tori_head/screenshot004.bmp Graphic file (type bmp)

<./img/screenshot/obj/tori_head/screenshot004.bmp> [77] [78] [79]) [80]
[81]
\openout2 = `chaps/conclusion.aux'.

 (./chaps/conclusion.tex [82



]
第7章
[83]) [84]
\openout2 = `chaps/acknowledgement.aux'.

 (./chaps/acknowledgement.tex) [85



] (./thesis.bbl [86


]
LaTeX Font Info:    Try loading font information for OT1+txtt on input line 6.

(c:/w32tex/share/texmf-dist/tex/latex/txr/ot1txtt.fd
File: ot1txtt.fd 2000/12/15 v3.1
)
LaTeX Font Info:    Font shape `JT1/gt/m/it' in size <10> not available
(Font)              Font shape `JT1/gt/m/n' tried instead on input line 12.
LaTeX Font Info:    Font shape `JT1/gt/m/n' will be
(Font)              scaled to size 9.60999pt on input line 12.
LaTeX Font Info:    Font shape `JY1/gt/m/it' in size <10> not available
(Font)              Font shape `JY1/gt/m/n' tried instead on input line 12.
LaTeX Font Info:    Font shape `JY1/gt/m/n' will be
(Font)              scaled to size 9.60999pt on input line 12.

Underfull \hbox (badness 6016) in paragraph at lines 16--19
[]\OT1/txr/m/n/10 scribbly nut.  Crazy bird.  $\OT1/txtt/m/n/10 http : / / www 
. flickr . com / photos / 60007327 @ N00 /
 []

) [87] [88

] [89

] [90

] (./thesis.aux (./chaps/introduction.aux)
(./chaps/relatedwork.aux) (./chaps/knowledge.aux) (./chaps/experiment.aux)
(./chaps/method.aux) (./chaps/result.aux) (./chaps/conclusion.aux)
(./chaps/acknowledgement.aux))

LaTeX Warning: There were undefined references.


LaTeX Warning: There were multiply-defined labels.

 ) 
Here is how much of TeX's memory you used:
 3769 strings out of 493799
 52053 string characters out of 6153369
 101358 words of memory out of 5000000
 6942 multiletter control sequences out of 15000+600000
 44730 words of font info for 156 fonts, out of 8000000 for 9000
 934 hyphenation exceptions out of 8191
 31i,11n,26p,466b,477s stack positions out of 5000i,500n,10000p,500000b,80000s

Output written on thesis.dvi (102 pages, 195860 bytes).
