This is e-pTeX, Version 3.14159265-p3.5-130605-2.6 (utf8.sjis) (TeX Live 2014/W32TeX) (preloaded format=platex 2014.10.19)  22 DEC 2014 16:22
entering extended mode
 restricted \write18 enabled.
 %&-line parsing enabled.
**./basicmethod.tex
(./basicmethod.tex
pLaTeX2e <2006/11/10> (based on LaTeX2e <2014/05/01> patch level 0)
Babel <3.9l> and hyphenation patterns for 79 languages loaded.
! Undefined control sequence.
l.1 \chapter
            {本手法の基礎技術}
The control sequence at the end of the top line
of your error message was never \def'ed. If you have
misspelled it (e.g., `\hobx'), type `I' and the correct
spelling (e.g., `I\hbox'). Otherwise just continue,
and I'll forget about whatever was undefined.


! LaTeX Error: Missing \begin{document}.

See the LaTeX manual or LaTeX Companion for explanation.
Type  H <return>  for immediate help.
 ...                                              
                                                  
l.1 \chapter{本
               手法の基礎技術}
You're in trouble here.  Try typing  <return>  to proceed.
If that doesn't work, type  X <return>  to quit.


Overfull \hbox (20.0pt too wide) in paragraph at lines 1--3
[]
 []


Overfull \hbox (9.62216pt too wide) in paragraph at lines 1--3
\JY1/mc/m/n/10 本
 []


Overfull \hbox (9.62216pt too wide) in paragraph at lines 1--3
\JY1/mc/m/n/10 手
 []


Overfull \hbox (9.62216pt too wide) in paragraph at lines 1--3
\JY1/mc/m/n/10 法
 []


Overfull \hbox (9.62216pt too wide) in paragraph at lines 1--3
\JY1/mc/m/n/10 の
 []


Overfull \hbox (9.62216pt too wide) in paragraph at lines 1--3
\JY1/mc/m/n/10 基
 []


Overfull \hbox (9.62216pt too wide) in paragraph at lines 1--3
\JY1/mc/m/n/10 礎
 []


Overfull \hbox (9.62216pt too wide) in paragraph at lines 1--3
\JY1/mc/m/n/10 技
 []


Overfull \hbox (9.62216pt too wide) in paragraph at lines 1--3
\JY1/mc/m/n/10 術[] 
 []

! Undefined control sequence.
l.4 \section
            {グラフィックスパイプライン}
The control sequence at the end of the top line
of your error message was never \def'ed. If you have
misspelled it (e.g., `\hobx'), type `I' and the correct
spelling (e.g., `I\hbox'). Otherwise just continue,
and I'll forget about whatever was undefined.


! LaTeX Error: Missing \begin{document}.

See the LaTeX manual or LaTeX Companion for explanation.
Type  H <return>  for immediate help.
 ...                                              
                                                  
l.4 \section{グ
               ラフィックスパイプライン}
You're in trouble here.  Try typing  <return>  to proceed.
If that doesn't work, type  X <return>  to quit.


Overfull \hbox (20.0pt too wide) in paragraph at lines 4--6
[]
 []


Overfull \hbox (9.62216pt too wide) in paragraph at lines 4--6
\JY1/mc/m/n/10 グ
 []


Overfull \hbox (9.62216pt too wide) in paragraph at lines 4--6
\JY1/mc/m/n/10 ラ
 []


Overfull \hbox (9.62216pt too wide) in paragraph at lines 4--6
\JY1/mc/m/n/10 フ
 []


Overfull \hbox (7.47433pt too wide) in paragraph at lines 4--6
\JY1/mc/m/n/10 ィ
 []


Overfull \hbox (7.47433pt too wide) in paragraph at lines 4--6
\JY1/mc/m/n/10 ッ
 []


Overfull \hbox (9.62216pt too wide) in paragraph at lines 4--6
\JY1/mc/m/n/10 ク
 []


Overfull \hbox (9.62216pt too wide) in paragraph at lines 4--6
\JY1/mc/m/n/10 ス
 []


Overfull \hbox (9.62216pt too wide) in paragraph at lines 4--6
\JY1/mc/m/n/10 パ
 []


Overfull \hbox (9.62216pt too wide) in paragraph at lines 4--6
\JY1/mc/m/n/10 イ
 []


Overfull \hbox (9.62216pt too wide) in paragraph at lines 4--6
\JY1/mc/m/n/10 プ
 []


Overfull \hbox (9.62216pt too wide) in paragraph at lines 4--6
\JY1/mc/m/n/10 ラ
 []


Overfull \hbox (9.62216pt too wide) in paragraph at lines 4--6
\JY1/mc/m/n/10 イ
 []


Overfull \hbox (9.62216pt too wide) in paragraph at lines 4--6
\JY1/mc/m/n/10 ン[] 
 []

! Undefined control sequence.
l.7 \section
            {オブジェクトファイルフォーマット}
The control sequence at the end of the top line
of your error message was never \def'ed. If you have
misspelled it (e.g., `\hobx'), type `I' and the correct
spelling (e.g., `I\hbox'). Otherwise just continue,
and I'll forget about whatever was undefined.


! LaTeX Error: Missing \begin{document}.

See the LaTeX manual or LaTeX Companion for explanation.
Type  H <return>  for immediate help.
 ...                                              
                                                  
l.7 \section{オ
               ブジェクトファイルフォーマット}
You're in trouble here.  Try typing  <return>  to proceed.
If that doesn't work, type  X <return>  to quit.


Overfull \hbox (20.0pt too wide) in paragraph at lines 7--9
[]
 []


Overfull \hbox (9.62216pt too wide) in paragraph at lines 7--9
\JY1/mc/m/n/10 オ
 []


Overfull \hbox (9.62216pt too wide) in paragraph at lines 7--9
\JY1/mc/m/n/10 ブ
 []


Overfull \hbox (9.62216pt too wide) in paragraph at lines 7--9
\JY1/mc/m/n/10 ジ
 []


Overfull \hbox (7.47433pt too wide) in paragraph at lines 7--9
\JY1/mc/m/n/10 ェ
 []


Overfull \hbox (9.62216pt too wide) in paragraph at lines 7--9
\JY1/mc/m/n/10 ク
 []


Overfull \hbox (9.62216pt too wide) in paragraph at lines 7--9
\JY1/mc/m/n/10 ト
 []


Overfull \hbox (9.62216pt too wide) in paragraph at lines 7--9
\JY1/mc/m/n/10 フ
 []


Overfull \hbox (7.47433pt too wide) in paragraph at lines 7--9
\JY1/mc/m/n/10 ァ
 []


Overfull \hbox (9.62216pt too wide) in paragraph at lines 7--9
\JY1/mc/m/n/10 イ
 []


Overfull \hbox (9.62216pt too wide) in paragraph at lines 7--9
\JY1/mc/m/n/10 ル
 []


Overfull \hbox (9.62216pt too wide) in paragraph at lines 7--9
\JY1/mc/m/n/10 フ
 []


Overfull \hbox (17.0965pt too wide) in paragraph at lines 7--9
\JY1/mc/m/n/10 ォ ー
 []


Overfull \hbox (9.62216pt too wide) in paragraph at lines 7--9
\JY1/mc/m/n/10 マ
 []


Overfull \hbox (7.47433pt too wide) in paragraph at lines 7--9
\JY1/mc/m/n/10 ッ
 []


Overfull \hbox (9.62216pt too wide) in paragraph at lines 7--9
\JY1/mc/m/n/10 ト[] 
 []


! LaTeX Error: Missing \begin{document}.

See the LaTeX manual or LaTeX Companion for explanation.
Type  H <return>  for immediate help.
 ...                                              
                                                  
l.10 モ
       デリングソフト等により前もってオブジェクトファイルを作成し、アプリケ...
You're in trouble here.  Try typing  <return>  to proceed.
If that doesn't work, type  X <return>  to quit.


Overfull \hbox (20.0pt too wide) in paragraph at lines 10--13
[]
 []


Overfull \hbox (9.62216pt too wide) in paragraph at lines 10--13
\JY1/mc/m/n/10 モ
 []


Overfull \hbox (9.62216pt too wide) in paragraph at lines 10--13
\JY1/mc/m/n/10 デ
 []


Overfull \hbox (9.62216pt too wide) in paragraph at lines 10--13
\JY1/mc/m/n/10 リ
 []


Overfull \hbox (9.62216pt too wide) in paragraph at lines 10--13
\JY1/mc/m/n/10 ン
 []


Overfull \hbox (9.62216pt too wide) in paragraph at lines 10--13
\JY1/mc/m/n/10 グ
 []


Overfull \hbox (9.62216pt too wide) in paragraph at lines 10--13
\JY1/mc/m/n/10 ソ
 []


Overfull \hbox (9.62216pt too wide) in paragraph at lines 10--13
\JY1/mc/m/n/10 フ
 []


Overfull \hbox (9.62216pt too wide) in paragraph at lines 10--13
\JY1/mc/m/n/10 ト
 []


Overfull \hbox (9.62216pt too wide) in paragraph at lines 10--13
\JY1/mc/m/n/10 等
 []


Overfull \hbox (9.62216pt too wide) in paragraph at lines 10--13
\JY1/mc/m/n/10 に
 []


Overfull \hbox (9.62216pt too wide) in paragraph at lines 10--13
\JY1/mc/m/n/10 よ
 []


Overfull \hbox (9.62216pt too wide) in paragraph at lines 10--13
\JY1/mc/m/n/10 り
 []


Overfull \hbox (9.62216pt too wide) in paragraph at lines 10--13
\JY1/mc/m/n/10 前
 []


Overfull \hbox (9.62216pt too wide) in paragraph at lines 10--13
\JY1/mc/m/n/10 も
 []


Overfull \hbox (7.47433pt too wide) in paragraph at lines 10--13
\JY1/mc/m/n/10 っ
 []


Overfull \hbox (9.62216pt too wide) in paragraph at lines 10--13
\JY1/mc/m/n/10 て
 []


Overfull \hbox (9.62216pt too wide) in paragraph at lines 10--13
\JY1/mc/m/n/10 オ
 []


Overfull \hbox (9.62216pt too wide) in paragraph at lines 10--13
\JY1/mc/m/n/10 ブ
 []


Overfull \hbox (9.62216pt too wide) in paragraph at lines 10--13
\JY1/mc/m/n/10 ジ
 []


Overfull \hbox (7.47433pt too wide) in paragraph at lines 10--13
\JY1/mc/m/n/10 ェ
 []


Overfull \hbox (9.62216pt too wide) in paragraph at lines 10--13
\JY1/mc/m/n/10 ク
 []


Overfull \hbox (9.62216pt too wide) in paragraph at lines 10--13
\JY1/mc/m/n/10 ト
 []


Overfull \hbox (9.62216pt too wide) in paragraph at lines 10--13
\JY1/mc/m/n/10 フ
 []


Overfull \hbox (7.47433pt too wide) in paragraph at lines 10--13
\JY1/mc/m/n/10 ァ
 []


Overfull \hbox (9.62216pt too wide) in paragraph at lines 10--13
\JY1/mc/m/n/10 イ
 []


Overfull \hbox (9.62216pt too wide) in paragraph at lines 10--13
\JY1/mc/m/n/10 ル
 []


Overfull \hbox (9.62216pt too wide) in paragraph at lines 10--13
\JY1/mc/m/n/10 を
 []


Overfull \hbox (9.62216pt too wide) in paragraph at lines 10--13
\JY1/mc/m/n/10 作
 []


Overfull \hbox (9.62216pt too wide) in paragraph at lines 10--13
\JY1/mc/m/n/10 成
 []


Overfull \hbox (14.1623pt too wide) in paragraph at lines 10--13
\JY1/mc/m/n/10 し 、
 []


Overfull \hbox (9.62216pt too wide) in paragraph at lines 10--13
\JY1/mc/m/n/10 ア
 []


Overfull \hbox (9.62216pt too wide) in paragraph at lines 10--13
\JY1/mc/m/n/10 プ
 []


Overfull \hbox (9.62216pt too wide) in paragraph at lines 10--13
\JY1/mc/m/n/10 リ
 []


Overfull \hbox (18.74432pt too wide) in paragraph at lines 10--13
\JY1/mc/m/n/10 ケ ー
 []


Overfull \hbox (9.62216pt too wide) in paragraph at lines 10--13
\JY1/mc/m/n/10 シ
 []


Overfull \hbox (7.47433pt too wide) in paragraph at lines 10--13
\JY1/mc/m/n/10 ョ
 []


Overfull \hbox (9.62216pt too wide) in paragraph at lines 10--13
\JY1/mc/m/n/10 ン
 []


Overfull \hbox (9.62216pt too wide) in paragraph at lines 10--13
\JY1/mc/m/n/10 で
 []


Overfull \hbox (9.62216pt too wide) in paragraph at lines 10--13
\JY1/mc/m/n/10 読
 []


Overfull \hbox (9.62216pt too wide) in paragraph at lines 10--13
\JY1/mc/m/n/10 み
 []


Overfull \hbox (9.62216pt too wide) in paragraph at lines 10--13
\JY1/mc/m/n/10 込
 []


Overfull \hbox (9.62216pt too wide) in paragraph at lines 10--13
\JY1/mc/m/n/10 み
 []


Overfull \hbox (9.62216pt too wide) in paragraph at lines 10--13
\JY1/mc/m/n/10 を
 []


Overfull \hbox (9.62216pt too wide) in paragraph at lines 10--13
\JY1/mc/m/n/10 行
 []


Overfull \hbox (14.18115pt too wide) in paragraph at lines 10--13
\JY1/mc/m/n/10 う。
 []


Overfull \hbox (9.62216pt too wide) in paragraph at lines 10--13
\JY1/mc/m/n/10 さ
 []


Overfull \hbox (9.62216pt too wide) in paragraph at lines 10--13
\JY1/mc/m/n/10 ら
 []


Overfull \hbox (14.1623pt too wide) in paragraph at lines 10--13
\JY1/mc/m/n/10 に 、
 []


Overfull \hbox (9.62216pt too wide) in paragraph at lines 10--13
\JY1/mc/m/n/10 物
 []


Overfull \hbox (9.62216pt too wide) in paragraph at lines 10--13
\JY1/mc/m/n/10 体
 []


Overfull \hbox (9.62216pt too wide) in paragraph at lines 10--13
\JY1/mc/m/n/10 形
 []


Overfull \hbox (9.62216pt too wide) in paragraph at lines 10--13
\JY1/mc/m/n/10 状
 []


Overfull \hbox (9.62216pt too wide) in paragraph at lines 10--13
\JY1/mc/m/n/10 お
 []


Overfull \hbox (9.62216pt too wide) in paragraph at lines 10--13
\JY1/mc/m/n/10 よ
 []


Overfull \hbox (9.62216pt too wide) in paragraph at lines 10--13
\JY1/mc/m/n/10 び
 []


Overfull \hbox (9.62216pt too wide) in paragraph at lines 10--13
\JY1/mc/m/n/10 法
 []


Overfull \hbox (9.62216pt too wide) in paragraph at lines 10--13
\JY1/mc/m/n/10 線
 []


Overfull \hbox (9.62216pt too wide) in paragraph at lines 10--13
\JY1/mc/m/n/10 や
 []


Overfull \hbox (9.62216pt too wide) in paragraph at lines 10--13
\JY1/mc/m/n/10 テ
 []


Overfull \hbox (9.62216pt too wide) in paragraph at lines 10--13
\JY1/mc/m/n/10 ク
 []


Overfull \hbox (9.62216pt too wide) in paragraph at lines 10--13
\JY1/mc/m/n/10 ス
 []


Overfull \hbox (9.62216pt too wide) in paragraph at lines 10--13
\JY1/mc/m/n/10 チ
 []


Overfull \hbox (7.47433pt too wide) in paragraph at lines 10--13
\JY1/mc/m/n/10 ャ
 []


Overfull \hbox (9.62216pt too wide) in paragraph at lines 10--13
\JY1/mc/m/n/10 座
 []


Overfull \hbox (9.62216pt too wide) in paragraph at lines 10--13
\JY1/mc/m/n/10 標
 []


Overfull \hbox (9.62216pt too wide) in paragraph at lines 10--13
\JY1/mc/m/n/10 な
 []


Overfull \hbox (9.62216pt too wide) in paragraph at lines 10--13
\JY1/mc/m/n/10 ど
 []


Overfull \hbox (9.62216pt too wide) in paragraph at lines 10--13
\JY1/mc/m/n/10 の
 []


Overfull \hbox (9.62216pt too wide) in paragraph at lines 10--13
\JY1/mc/m/n/10 情
 []


Overfull \hbox (9.62216pt too wide) in paragraph at lines 10--13
\JY1/mc/m/n/10 報
 []


Overfull \hbox (9.62216pt too wide) in paragraph at lines 10--13
\JY1/mc/m/n/10 を
 []


Overfull \hbox (9.62216pt too wide) in paragraph at lines 10--13
\JY1/mc/m/n/10 元
 []


Overfull \hbox (9.62216pt too wide) in paragraph at lines 10--13
\JY1/mc/m/n/10 に
 []


Overfull \hbox (9.62216pt too wide) in paragraph at lines 10--13
\JY1/mc/m/n/10 ア
 []


Overfull \hbox (9.62216pt too wide) in paragraph at lines 10--13
\JY1/mc/m/n/10 プ
 []


Overfull \hbox (9.62216pt too wide) in paragraph at lines 10--13
\JY1/mc/m/n/10 リ
 []


Overfull \hbox (18.74432pt too wide) in paragraph at lines 10--13
\JY1/mc/m/n/10 ケ ー
 []


Overfull \hbox (9.62216pt too wide) in paragraph at lines 10--13
\JY1/mc/m/n/10 シ
 []


Overfull \hbox (7.47433pt too wide) in paragraph at lines 10--13
\JY1/mc/m/n/10 ョ
 []


Overfull \hbox (9.62216pt too wide) in paragraph at lines 10--13
\JY1/mc/m/n/10 ン
 []


Overfull \hbox (9.62216pt too wide) in paragraph at lines 10--13
\JY1/mc/m/n/10 内
 []


Overfull \hbox (9.62216pt too wide) in paragraph at lines 10--13
\JY1/mc/m/n/10 で
 []


Overfull \hbox (9.62216pt too wide) in paragraph at lines 10--13
\JY1/mc/m/n/10 シ
 []


Overfull \hbox (17.0965pt too wide) in paragraph at lines 10--13
\JY1/mc/m/n/10 ェ ー
 []


Overfull \hbox (9.62216pt too wide) in paragraph at lines 10--13
\JY1/mc/m/n/10 ダ
 []


Overfull \hbox (9.62216pt too wide) in paragraph at lines 10--13
\JY1/mc/m/n/10 へ
 []


Overfull \hbox (9.62216pt too wide) in paragraph at lines 10--13
\JY1/mc/m/n/10 の
 []


Overfull \hbox (9.62216pt too wide) in paragraph at lines 10--13
\JY1/mc/m/n/10 転
 []


Overfull \hbox (9.62216pt too wide) in paragraph at lines 10--13
\JY1/mc/m/n/10 送
 []


Overfull \hbox (18.74432pt too wide) in paragraph at lines 10--13
\JY1/mc/m/n/10 デ ー
 []


Overfull \hbox (9.62216pt too wide) in paragraph at lines 10--13
\JY1/mc/m/n/10 タ
 []


Overfull \hbox (9.62216pt too wide) in paragraph at lines 10--13
\JY1/mc/m/n/10 を
 []


Overfull \hbox (9.62216pt too wide) in paragraph at lines 10--13
\JY1/mc/m/n/10 生
 []


Overfull \hbox (9.62216pt too wide) in paragraph at lines 10--13
\JY1/mc/m/n/10 成
 []


Overfull \hbox (9.62216pt too wide) in paragraph at lines 10--13
\JY1/mc/m/n/10 す
 []


Overfull \hbox (14.1623pt too wide) in paragraph at lines 10--13
\JY1/mc/m/n/10 る 。
 []


Overfull \hbox (9.62216pt too wide) in paragraph at lines 10--13
\JY1/mc/m/n/10 本
 []


Overfull \hbox (9.62216pt too wide) in paragraph at lines 10--13
\JY1/mc/m/n/10 手
 []


Overfull \hbox (9.62216pt too wide) in paragraph at lines 10--13
\JY1/mc/m/n/10 法
 []


Overfull \hbox (9.62216pt too wide) in paragraph at lines 10--13
\JY1/mc/m/n/10 で
 []


Overfull \hbox (9.62216pt too wide) in paragraph at lines 10--13
\JY1/mc/m/n/10 必
 []


Overfull \hbox (9.62216pt too wide) in paragraph at lines 10--13
\JY1/mc/m/n/10 要
 []


Overfull \hbox (9.62216pt too wide) in paragraph at lines 10--13
\JY1/mc/m/n/10 に
 []


Overfull \hbox (9.62216pt too wide) in paragraph at lines 10--13
\JY1/mc/m/n/10 な
 []


Overfull \hbox (9.62216pt too wide) in paragraph at lines 10--13
\JY1/mc/m/n/10 る
 []


Overfull \hbox (9.62216pt too wide) in paragraph at lines 10--13
\JY1/mc/m/n/10 オ
 []


Overfull \hbox (9.62216pt too wide) in paragraph at lines 10--13
\JY1/mc/m/n/10 ブ
 []


Overfull \hbox (9.62216pt too wide) in paragraph at lines 10--13
\JY1/mc/m/n/10 ジ
 []


Overfull \hbox (7.47433pt too wide) in paragraph at lines 10--13
\JY1/mc/m/n/10 ェ
 []


Overfull \hbox (9.62216pt too wide) in paragraph at lines 10--13
\JY1/mc/m/n/10 ク
 []


Overfull \hbox (9.62216pt too wide) in paragraph at lines 10--13
\JY1/mc/m/n/10 ト
 []


Overfull \hbox (9.62216pt too wide) in paragraph at lines 10--13
\JY1/mc/m/n/10 フ
 []


Overfull \hbox (7.47433pt too wide) in paragraph at lines 10--13
\JY1/mc/m/n/10 ァ
 []


Overfull \hbox (9.62216pt too wide) in paragraph at lines 10--13
\JY1/mc/m/n/10 イ
 []


Overfull \hbox (9.62216pt too wide) in paragraph at lines 10--13
\JY1/mc/m/n/10 ル
 []


Overfull \hbox (9.62216pt too wide) in paragraph at lines 10--13
\JY1/mc/m/n/10 の
 []


Overfull \hbox (18.74432pt too wide) in paragraph at lines 10--13
\JY1/mc/m/n/10 デ ー
 []


Overfull \hbox (9.62216pt too wide) in paragraph at lines 10--13
\JY1/mc/m/n/10 タ
 []


Overfull \hbox (9.62216pt too wide) in paragraph at lines 10--13
\JY1/mc/m/n/10 は
 []


Overfull \hbox (9.62216pt too wide) in paragraph at lines 10--13
\JY1/mc/m/n/10 以
 []


Overfull \hbox (9.62216pt too wide) in paragraph at lines 10--13
\JY1/mc/m/n/10 下
 []


Overfull \hbox (9.62216pt too wide) in paragraph at lines 10--13
\JY1/mc/m/n/10 の
 []


Overfull \hbox (9.62216pt too wide) in paragraph at lines 10--13
\JY1/mc/m/n/10 要
 []


Overfull \hbox (9.62216pt too wide) in paragraph at lines 10--13
\JY1/mc/m/n/10 素
 []


Overfull \hbox (9.62216pt too wide) in paragraph at lines 10--13
\JY1/mc/m/n/10 で
 []


Overfull \hbox (9.62216pt too wide) in paragraph at lines 10--13
\JY1/mc/m/n/10 あ
 []


Overfull \hbox (14.1623pt too wide) in paragraph at lines 10--13
\JY1/mc/m/n/10 る 。 
 []


! LaTeX Error: The font size command \normalsize is not defined:
               there is probably something wrong with the class file.

See the LaTeX manual or LaTeX Companion for explanation.
Type  H <return>  for immediate help.
 ...                                              
                                                  
l.13 
     
Your command was ignored.
Type  I <command> <return>  to replace it with another command,
or  <return>  to continue without it.

[1
! Undefined control sequence.
<write> \newlabel{CBasicmethod}{{}{\thepage 
                                            }}
l.13 
     
The control sequence at the end of the top line
of your error message was never \def'ed. If you have
misspelled it (e.g., `\hobx'), type `I' and the correct
spelling (e.g., `I\hbox'). Otherwise just continue,
and I'll forget about whatever was undefined.

\newlabel{CBasicmethod}{{}{}}
! Undefined control sequence.
<write> \newlabel{SGraphicspipeline}{{}{\thepage 
                                                 }}
l.13 
     
The control sequence at the end of the top line
of your error message was never \def'ed. If you have
misspelled it (e.g., `\hobx'), type `I' and the correct
spelling (e.g., `I\hbox'). Otherwise just continue,
and I'll forget about whatever was undefined.

\newlabel{SGraphicspipeline}{{}{}}
! Undefined control sequence.
<write> \newlabel{SObjfileformat}{{}{\thepage 
                                              }}
l.13 
     
The control sequence at the end of the top line
of your error message was never \def'ed. If you have
misspelled it (e.g., `\hobx'), type `I' and the correct
spelling (e.g., `I\hbox'). Otherwise just continue,
and I'll forget about whatever was undefined.

\newlabel{SObjfileformat}{{}{}}
]

! LaTeX Error: Missing \begin{document}.

See the LaTeX manual or LaTeX Companion for explanation.
Type  H <return>  for immediate help.
 ...                                              
                                                  
l.14 \begin{itemize}
                    
You're in trouble here.  Try typing  <return>  to proceed.
If that doesn't work, type  X <return>  to quit.


Overfull \hbox (20.0pt too wide) in paragraph at lines 14--14
[] 
 []


Overfull \hbox (9.62216pt too wide) in paragraph at lines 15--16
\JY1/mc/m/n/10 頂
 []


Overfull \hbox (9.62216pt too wide) in paragraph at lines 15--16
\JY1/mc/m/n/10 点
 []


Overfull \hbox (9.62216pt too wide) in paragraph at lines 15--16
\JY1/mc/m/n/10 座
 []


Overfull \hbox (9.62216pt too wide) in paragraph at lines 15--16
\JY1/mc/m/n/10 標
 []


Overfull \hbox (9.62216pt too wide) in paragraph at lines 15--16
\JY1/mc/m/n/10 値 
 []


Overfull \hbox (9.62216pt too wide) in paragraph at lines 16--17
\JY1/mc/m/n/10 頂
 []


Overfull \hbox (9.62216pt too wide) in paragraph at lines 16--17
\JY1/mc/m/n/10 点
 []


Overfull \hbox (9.62216pt too wide) in paragraph at lines 16--17
\JY1/mc/m/n/10 法
 []


Overfull \hbox (9.62216pt too wide) in paragraph at lines 16--17
\JY1/mc/m/n/10 線
 []


Overfull \hbox (9.62216pt too wide) in paragraph at lines 16--17
\JY1/mc/m/n/10 ベ
 []


Overfull \hbox (9.62216pt too wide) in paragraph at lines 16--17
\JY1/mc/m/n/10 ク
 []


Overfull \hbox (9.62216pt too wide) in paragraph at lines 16--17
\JY1/mc/m/n/10 ト
 []


Overfull \hbox (9.62216pt too wide) in paragraph at lines 16--17
\JY1/mc/m/n/10 ル 
 []


Overfull \hbox (9.62216pt too wide) in paragraph at lines 17--18
\JY1/mc/m/n/10 テ
 []


Overfull \hbox (9.62216pt too wide) in paragraph at lines 17--18
\JY1/mc/m/n/10 ク
 []


Overfull \hbox (9.62216pt too wide) in paragraph at lines 17--18
\JY1/mc/m/n/10 ス
 []


Overfull \hbox (9.62216pt too wide) in paragraph at lines 17--18
\JY1/mc/m/n/10 チ
 []


Overfull \hbox (7.47433pt too wide) in paragraph at lines 17--18
\JY1/mc/m/n/10 ャ
 []


Overfull \hbox (9.62216pt too wide) in paragraph at lines 17--18
\JY1/mc/m/n/10 座
 []


Overfull \hbox (9.62216pt too wide) in paragraph at lines 17--18
\JY1/mc/m/n/10 標
 []


Overfull \hbox (9.62216pt too wide) in paragraph at lines 17--18
\JY1/mc/m/n/10 値 
 []


Overfull \hbox (9.62216pt too wide) in paragraph at lines 18--19
\JY1/mc/m/n/10 面
 []


Overfull \hbox (9.62216pt too wide) in paragraph at lines 18--19
\JY1/mc/m/n/10 情
 []


Overfull \hbox (9.62216pt too wide) in paragraph at lines 18--19
\JY1/mc/m/n/10 報 
 []


Overfull \hbox (20.0pt too wide) in paragraph at lines 21--24
[]
 []


Overfull \hbox (9.62216pt too wide) in paragraph at lines 21--24
\JY1/mc/m/n/10 頂
 []


Overfull \hbox (9.62216pt too wide) in paragraph at lines 21--24
\JY1/mc/m/n/10 点
 []


Overfull \hbox (9.62216pt too wide) in paragraph at lines 21--24
\JY1/mc/m/n/10 座
 []


Overfull \hbox (9.62216pt too wide) in paragraph at lines 21--24
\JY1/mc/m/n/10 標
 []


Overfull \hbox (9.62216pt too wide) in paragraph at lines 21--24
\JY1/mc/m/n/10 値
 []


Overfull \hbox (9.62216pt too wide) in paragraph at lines 21--24
\JY1/mc/m/n/10 お
 []


Overfull \hbox (9.62216pt too wide) in paragraph at lines 21--24
\JY1/mc/m/n/10 よ
 []


Overfull \hbox (9.62216pt too wide) in paragraph at lines 21--24
\JY1/mc/m/n/10 び
 []


Overfull \hbox (9.62216pt too wide) in paragraph at lines 21--24
\JY1/mc/m/n/10 頂
 []


Overfull \hbox (9.62216pt too wide) in paragraph at lines 21--24
\JY1/mc/m/n/10 点
 []


Overfull \hbox (9.62216pt too wide) in paragraph at lines 21--24
\JY1/mc/m/n/10 法
 []


Overfull \hbox (9.62216pt too wide) in paragraph at lines 21--24
\JY1/mc/m/n/10 線
 []


Overfull \hbox (9.62216pt too wide) in paragraph at lines 21--24
\JY1/mc/m/n/10 ベ
 []


Overfull \hbox (9.62216pt too wide) in paragraph at lines 21--24
\JY1/mc/m/n/10 ク
 []


Overfull \hbox (9.62216pt too wide) in paragraph at lines 21--24
\JY1/mc/m/n/10 ト
 []


Overfull \hbox (9.62216pt too wide) in paragraph at lines 21--24
\JY1/mc/m/n/10 ル
 []


Overfull \hbox (9.62216pt too wide) in paragraph at lines 21--24
\JY1/mc/m/n/10 は
 []


Overfull \hbox (9.62216pt too wide) in paragraph at lines 21--24
\JY1/mc/m/n/10 そ
 []


Overfull \hbox (9.62216pt too wide) in paragraph at lines 21--24
\JY1/mc/m/n/10 れ
 []


Overfull \hbox (9.62216pt too wide) in paragraph at lines 21--24
\JY1/mc/m/n/10 ぞ
 []


Overfull \hbox (9.62216pt too wide) in paragraph at lines 21--24
\JY1/mc/m/n/10 れ
 []


Overfull \hbox (5.00002pt too wide) in paragraph at lines 21--24
\OT1/cmr/m/n/10 3
 []


Overfull \hbox (9.62216pt too wide) in paragraph at lines 21--24
\JY1/mc/m/n/10 次
 []


Overfull \hbox (9.62216pt too wide) in paragraph at lines 21--24
\JY1/mc/m/n/10 元
 []


Overfull \hbox (9.62216pt too wide) in paragraph at lines 21--24
\JY1/mc/m/n/10 の
 []


Overfull \hbox (9.62216pt too wide) in paragraph at lines 21--24
\JY1/mc/m/n/10 浮
 []


Overfull \hbox (9.62216pt too wide) in paragraph at lines 21--24
\JY1/mc/m/n/10 動
 []


Overfull \hbox (9.62216pt too wide) in paragraph at lines 21--24
\JY1/mc/m/n/10 小
 []


Overfull \hbox (9.62216pt too wide) in paragraph at lines 21--24
\JY1/mc/m/n/10 数
 []


Overfull \hbox (9.62216pt too wide) in paragraph at lines 21--24
\JY1/mc/m/n/10 点
 []


Overfull \hbox (14.1623pt too wide) in paragraph at lines 21--24
\JY1/mc/m/n/10 型 、
 []


Overfull \hbox (9.62216pt too wide) in paragraph at lines 21--24
\JY1/mc/m/n/10 テ
 []


Overfull \hbox (9.62216pt too wide) in paragraph at lines 21--24
\JY1/mc/m/n/10 ク
 []


Overfull \hbox (9.62216pt too wide) in paragraph at lines 21--24
\JY1/mc/m/n/10 ス
 []


Overfull \hbox (9.62216pt too wide) in paragraph at lines 21--24
\JY1/mc/m/n/10 チ
 []


Overfull \hbox (7.47433pt too wide) in paragraph at lines 21--24
\JY1/mc/m/n/10 ャ
 []


Overfull \hbox (9.62216pt too wide) in paragraph at lines 21--24
\JY1/mc/m/n/10 座
 []


Overfull \hbox (9.62216pt too wide) in paragraph at lines 21--24
\JY1/mc/m/n/10 標
 []


Overfull \hbox (9.62216pt too wide) in paragraph at lines 21--24
\JY1/mc/m/n/10 値
 []


Overfull \hbox (9.62216pt too wide) in paragraph at lines 21--24
\JY1/mc/m/n/10 は
 []


Overfull \hbox (5.00002pt too wide) in paragraph at lines 21--24
\OT1/cmr/m/n/10 2
 []


Overfull \hbox (9.62216pt too wide) in paragraph at lines 21--24
\JY1/mc/m/n/10 次
 []


Overfull \hbox (9.62216pt too wide) in paragraph at lines 21--24
\JY1/mc/m/n/10 元
 []


Overfull \hbox (9.62216pt too wide) in paragraph at lines 21--24
\JY1/mc/m/n/10 の
 []


Overfull \hbox (9.62216pt too wide) in paragraph at lines 21--24
\JY1/mc/m/n/10 浮
 []


Overfull \hbox (9.62216pt too wide) in paragraph at lines 21--24
\JY1/mc/m/n/10 動
 []


Overfull \hbox (9.62216pt too wide) in paragraph at lines 21--24
\JY1/mc/m/n/10 小
 []


Overfull \hbox (9.62216pt too wide) in paragraph at lines 21--24
\JY1/mc/m/n/10 数
 []


Overfull \hbox (9.62216pt too wide) in paragraph at lines 21--24
\JY1/mc/m/n/10 点
 []


Overfull \hbox (9.62216pt too wide) in paragraph at lines 21--24
\JY1/mc/m/n/10 型
 []


Overfull \hbox (9.62216pt too wide) in paragraph at lines 21--24
\JY1/mc/m/n/10 の
 []


Overfull \hbox (9.62216pt too wide) in paragraph at lines 21--24
\JY1/mc/m/n/10 値
 []


Overfull \hbox (9.62216pt too wide) in paragraph at lines 21--24
\JY1/mc/m/n/10 と
 []


Overfull \hbox (9.62216pt too wide) in paragraph at lines 21--24
\JY1/mc/m/n/10 な
 []


Overfull \hbox (7.47433pt too wide) in paragraph at lines 21--24
\JY1/mc/m/n/10 っ
 []


Overfull \hbox (9.62216pt too wide) in paragraph at lines 21--24
\JY1/mc/m/n/10 て
 []


Overfull \hbox (9.62216pt too wide) in paragraph at lines 21--24
\JY1/mc/m/n/10 い
 []


Overfull \hbox (14.1623pt too wide) in paragraph at lines 21--24
\JY1/mc/m/n/10 る 。
 []


Overfull \hbox (9.62216pt too wide) in paragraph at lines 21--24
\JY1/mc/m/n/10 面
 []


Overfull \hbox (9.62216pt too wide) in paragraph at lines 21--24
\JY1/mc/m/n/10 情
 []


Overfull \hbox (9.62216pt too wide) in paragraph at lines 21--24
\JY1/mc/m/n/10 報
 []


Overfull \hbox (14.1623pt too wide) in paragraph at lines 21--24
\JY1/mc/m/n/10 は 、
 []


Overfull \hbox (9.62216pt too wide) in paragraph at lines 21--24
\JY1/mc/m/n/10 頂
 []


Overfull \hbox (9.62216pt too wide) in paragraph at lines 21--24
\JY1/mc/m/n/10 点
 []


Overfull \hbox (9.62216pt too wide) in paragraph at lines 21--24
\JY1/mc/m/n/10 座
 []


Overfull \hbox (9.62216pt too wide) in paragraph at lines 21--24
\JY1/mc/m/n/10 標
 []


Overfull \hbox (14.1623pt too wide) in paragraph at lines 21--24
\JY1/mc/m/n/10 値 、
 []


Overfull \hbox (9.62216pt too wide) in paragraph at lines 21--24
\JY1/mc/m/n/10 頂
 []


Overfull \hbox (9.62216pt too wide) in paragraph at lines 21--24
\JY1/mc/m/n/10 点
 []


Overfull \hbox (9.62216pt too wide) in paragraph at lines 21--24
\JY1/mc/m/n/10 法
 []


Overfull \hbox (9.62216pt too wide) in paragraph at lines 21--24
\JY1/mc/m/n/10 線
 []


Overfull \hbox (9.62216pt too wide) in paragraph at lines 21--24
\JY1/mc/m/n/10 ベ
 []


Overfull \hbox (9.62216pt too wide) in paragraph at lines 21--24
\JY1/mc/m/n/10 ク
 []


Overfull \hbox (9.62216pt too wide) in paragraph at lines 21--24
\JY1/mc/m/n/10 ト
 []


Overfull \hbox (14.1623pt too wide) in paragraph at lines 21--24
\JY1/mc/m/n/10 ル 、
 []


Overfull \hbox (9.62216pt too wide) in paragraph at lines 21--24
\JY1/mc/m/n/10 テ
 []


Overfull \hbox (9.62216pt too wide) in paragraph at lines 21--24
\JY1/mc/m/n/10 ク
 []


Overfull \hbox (9.62216pt too wide) in paragraph at lines 21--24
\JY1/mc/m/n/10 ス
 []


Overfull \hbox (9.62216pt too wide) in paragraph at lines 21--24
\JY1/mc/m/n/10 チ
 []


Overfull \hbox (7.47433pt too wide) in paragraph at lines 21--24
\JY1/mc/m/n/10 ャ
 []


Overfull \hbox (9.62216pt too wide) in paragraph at lines 21--24
\JY1/mc/m/n/10 座
 []


Overfull \hbox (9.62216pt too wide) in paragraph at lines 21--24
\JY1/mc/m/n/10 標
 []


Overfull \hbox (9.62216pt too wide) in paragraph at lines 21--24
\JY1/mc/m/n/10 値
 []


Overfull \hbox (9.62216pt too wide) in paragraph at lines 21--24
\JY1/mc/m/n/10 の
 []


Overfull \hbox (9.62216pt too wide) in paragraph at lines 21--24
\JY1/mc/m/n/10 イ
 []


Overfull \hbox (9.62216pt too wide) in paragraph at lines 21--24
\JY1/mc/m/n/10 ン
 []


Overfull \hbox (9.62216pt too wide) in paragraph at lines 21--24
\JY1/mc/m/n/10 デ
 []


Overfull \hbox (7.47433pt too wide) in paragraph at lines 21--24
\JY1/mc/m/n/10 ッ
 []


Overfull \hbox (9.62216pt too wide) in paragraph at lines 21--24
\JY1/mc/m/n/10 ク
 []


Overfull \hbox (9.62216pt too wide) in paragraph at lines 21--24
\JY1/mc/m/n/10 ス
 []


Overfull \hbox (9.62216pt too wide) in paragraph at lines 21--24
\JY1/mc/m/n/10 番
 []


Overfull \hbox (9.62216pt too wide) in paragraph at lines 21--24
\JY1/mc/m/n/10 号
 []


Overfull \hbox (9.62216pt too wide) in paragraph at lines 21--24
\JY1/mc/m/n/10 の
 []


Overfull \hbox (9.62216pt too wide) in paragraph at lines 21--24
\JY1/mc/m/n/10 組
 []


Overfull \hbox (9.62216pt too wide) in paragraph at lines 21--24
\JY1/mc/m/n/10 み
 []


Overfull \hbox (9.62216pt too wide) in paragraph at lines 21--24
\JY1/mc/m/n/10 合
 []


Overfull \hbox (9.62216pt too wide) in paragraph at lines 21--24
\JY1/mc/m/n/10 わ
 []


Overfull \hbox (9.62216pt too wide) in paragraph at lines 21--24
\JY1/mc/m/n/10 せ
 []


Overfull \hbox (9.62216pt too wide) in paragraph at lines 21--24
\JY1/mc/m/n/10 と
 []


Overfull \hbox (9.62216pt too wide) in paragraph at lines 21--24
\JY1/mc/m/n/10 な
 []


Overfull \hbox (7.47433pt too wide) in paragraph at lines 21--24
\JY1/mc/m/n/10 っ
 []


Overfull \hbox (9.62216pt too wide) in paragraph at lines 21--24
\JY1/mc/m/n/10 て
 []


Overfull \hbox (9.62216pt too wide) in paragraph at lines 21--24
\JY1/mc/m/n/10 お
 []


Overfull \hbox (14.18115pt too wide) in paragraph at lines 21--24
\JY1/mc/m/n/10 り、
 []


Overfull \hbox (9.62216pt too wide) in paragraph at lines 21--24
\JY1/mc/m/n/10 面
 []


Overfull \hbox (9.62216pt too wide) in paragraph at lines 21--24
\JY1/mc/m/n/10 が
 []


Overfull \hbox (9.62216pt too wide) in paragraph at lines 21--24
\JY1/mc/m/n/10 表
 []


Overfull \hbox (9.62216pt too wide) in paragraph at lines 21--24
\JY1/mc/m/n/10 す
 []


Overfull \hbox (9.62216pt too wide) in paragraph at lines 21--24
\JY1/mc/m/n/10 多
 []


Overfull \hbox (9.62216pt too wide) in paragraph at lines 21--24
\JY1/mc/m/n/10 角
 []


Overfull \hbox (9.62216pt too wide) in paragraph at lines 21--24
\JY1/mc/m/n/10 形
 []


Overfull \hbox (9.62216pt too wide) in paragraph at lines 21--24
\JY1/mc/m/n/10 の
 []


Overfull \hbox (9.62216pt too wide) in paragraph at lines 21--24
\JY1/mc/m/n/10 頂
 []


Overfull \hbox (9.62216pt too wide) in paragraph at lines 21--24
\JY1/mc/m/n/10 点
 []


Overfull \hbox (9.62216pt too wide) in paragraph at lines 21--24
\JY1/mc/m/n/10 の
 []


Overfull \hbox (9.62216pt too wide) in paragraph at lines 21--24
\JY1/mc/m/n/10 数
 []


Overfull \hbox (9.62216pt too wide) in paragraph at lines 21--24
\JY1/mc/m/n/10 だ
 []


Overfull \hbox (9.62216pt too wide) in paragraph at lines 21--24
\JY1/mc/m/n/10 け
 []


Overfull \hbox (9.62216pt too wide) in paragraph at lines 21--24
\JY1/mc/m/n/10 こ
 []


Overfull \hbox (9.62216pt too wide) in paragraph at lines 21--24
\JY1/mc/m/n/10 れ
 []


Overfull \hbox (9.62216pt too wide) in paragraph at lines 21--24
\JY1/mc/m/n/10 ら
 []


Overfull \hbox (9.62216pt too wide) in paragraph at lines 21--24
\JY1/mc/m/n/10 の
 []


Overfull \hbox (9.62216pt too wide) in paragraph at lines 21--24
\JY1/mc/m/n/10 情
 []


Overfull \hbox (9.62216pt too wide) in paragraph at lines 21--24
\JY1/mc/m/n/10 報
 []


Overfull \hbox (9.62216pt too wide) in paragraph at lines 21--24
\JY1/mc/m/n/10 が
 []


Overfull \hbox (9.62216pt too wide) in paragraph at lines 21--24
\JY1/mc/m/n/10 与
 []


Overfull \hbox (9.62216pt too wide) in paragraph at lines 21--24
\JY1/mc/m/n/10 え
 []


Overfull \hbox (9.62216pt too wide) in paragraph at lines 21--24
\JY1/mc/m/n/10 ら
 []


Overfull \hbox (9.62216pt too wide) in paragraph at lines 21--24
\JY1/mc/m/n/10 れ
 []


Overfull \hbox (9.62216pt too wide) in paragraph at lines 21--24
\JY1/mc/m/n/10 て
 []


Overfull \hbox (9.62216pt too wide) in paragraph at lines 21--24
\JY1/mc/m/n/10 い
 []


Overfull \hbox (14.1623pt too wide) in paragraph at lines 21--24
\JY1/mc/m/n/10 る 。
 []


Overfull \hbox (9.62216pt too wide) in paragraph at lines 21--24
\JY1/mc/m/n/10 本
 []


Overfull \hbox (9.62216pt too wide) in paragraph at lines 21--24
\JY1/mc/m/n/10 手
 []


Overfull \hbox (9.62216pt too wide) in paragraph at lines 21--24
\JY1/mc/m/n/10 法
 []


Overfull \hbox (9.62216pt too wide) in paragraph at lines 21--24
\JY1/mc/m/n/10 で
 []


Overfull \hbox (9.62216pt too wide) in paragraph at lines 21--24
\JY1/mc/m/n/10 は
 []


Overfull \hbox (9.62216pt too wide) in paragraph at lines 21--24
\JY1/mc/m/n/10 三
 []


Overfull \hbox (9.62216pt too wide) in paragraph at lines 21--24
\JY1/mc/m/n/10 角
 []


Overfull \hbox (9.62216pt too wide) in paragraph at lines 21--24
\JY1/mc/m/n/10 形
 []


Overfull \hbox (9.62216pt too wide) in paragraph at lines 21--24
\JY1/mc/m/n/10 ポ
 []


Overfull \hbox (9.62216pt too wide) in paragraph at lines 21--24
\JY1/mc/m/n/10 リ
 []


Overfull \hbox (9.62216pt too wide) in paragraph at lines 21--24
\JY1/mc/m/n/10 ゴ
 []


Overfull \hbox (9.62216pt too wide) in paragraph at lines 21--24
\JY1/mc/m/n/10 ン
 []


Overfull \hbox (9.62216pt too wide) in paragraph at lines 21--24
\JY1/mc/m/n/10 の
 []


Overfull \hbox (9.62216pt too wide) in paragraph at lines 21--24
\JY1/mc/m/n/10 み
 []


Overfull \hbox (9.62216pt too wide) in paragraph at lines 21--24
\JY1/mc/m/n/10 を
 []


Overfull \hbox (9.62216pt too wide) in paragraph at lines 21--24
\JY1/mc/m/n/10 対
 []


Overfull \hbox (9.62216pt too wide) in paragraph at lines 21--24
\JY1/mc/m/n/10 象
 []


Overfull \hbox (9.62216pt too wide) in paragraph at lines 21--24
\JY1/mc/m/n/10 と
 []


Overfull \hbox (9.62216pt too wide) in paragraph at lines 21--24
\JY1/mc/m/n/10 し
 []


Overfull \hbox (9.62216pt too wide) in paragraph at lines 21--24
\JY1/mc/m/n/10 て
 []


Overfull \hbox (9.62216pt too wide) in paragraph at lines 21--24
\JY1/mc/m/n/10 い
 []


Overfull \hbox (9.62216pt too wide) in paragraph at lines 21--24
\JY1/mc/m/n/10 る
 []


Overfull \hbox (9.62216pt too wide) in paragraph at lines 21--24
\JY1/mc/m/n/10 た
 []


Overfull \hbox (14.1623pt too wide) in paragraph at lines 21--24
\JY1/mc/m/n/10 め 、
 []


Overfull \hbox (9.62216pt too wide) in paragraph at lines 21--24
\JY1/mc/m/n/10 こ
 []


Overfull \hbox (9.62216pt too wide) in paragraph at lines 21--24
\JY1/mc/m/n/10 の
 []


Overfull \hbox (9.62216pt too wide) in paragraph at lines 21--24
\JY1/mc/m/n/10 組
 []


Overfull \hbox (9.62216pt too wide) in paragraph at lines 21--24
\JY1/mc/m/n/10 み
 []


Overfull \hbox (9.62216pt too wide) in paragraph at lines 21--24
\JY1/mc/m/n/10 合
 []


Overfull \hbox (9.62216pt too wide) in paragraph at lines 21--24
\JY1/mc/m/n/10 わ
 []


Overfull \hbox (9.62216pt too wide) in paragraph at lines 21--24
\JY1/mc/m/n/10 せ
 []


Overfull \hbox (9.62216pt too wide) in paragraph at lines 21--24
\JY1/mc/m/n/10 が
 []


Overfull \hbox (5.00002pt too wide) in paragraph at lines 21--24
\OT1/cmr/m/n/10 3
 []


Overfull \hbox (9.62216pt too wide) in paragraph at lines 21--24
\JY1/mc/m/n/10 つ
 []


Overfull \hbox (9.62216pt too wide) in paragraph at lines 21--24
\JY1/mc/m/n/10 ず
 []


Overfull \hbox (9.62216pt too wide) in paragraph at lines 21--24
\JY1/mc/m/n/10 つ
 []


Overfull \hbox (9.62216pt too wide) in paragraph at lines 21--24
\JY1/mc/m/n/10 続
 []


Overfull \hbox (14.18115pt too wide) in paragraph at lines 21--24
\JY1/mc/m/n/10 く。 
 []

! Undefined control sequence.
l.25 \section
             {GPU処理}
The control sequence at the end of the top line
of your error message was never \def'ed. If you have
misspelled it (e.g., `\hobx'), type `I' and the correct
spelling (e.g., `I\hbox'). Otherwise just continue,
and I'll forget about whatever was undefined.


Overfull \hbox (42.15282pt too wide) in paragraph at lines 25--27
[]\OT1/cmr/m/n/10 GPU
 []


Overfull \hbox (9.62216pt too wide) in paragraph at lines 25--27
\JY1/mc/m/n/10 処
 []


Overfull \hbox (9.62216pt too wide) in paragraph at lines 25--27
\JY1/mc/m/n/10 理[] 
 []

! Undefined control sequence.
l.28 \subsection
                {シェーダ}
The control sequence at the end of the top line
of your error message was never \def'ed. If you have
misspelled it (e.g., `\hobx'), type `I' and the correct
spelling (e.g., `I\hbox'). Otherwise just continue,
and I'll forget about whatever was undefined.

)
! Emergency stop.
<*> ./basicmethod.tex
                     
*** (job aborted, no legal \end found)

 
Here is how much of TeX's memory you used:
 7 strings out of 493799
 91 string characters out of 6153369
 60608 words of memory out of 5000000
 3573 multiletter control sequences out of 15000+600000
 7511 words of font info for 31 fonts, out of 8000000 for 9000
 929 hyphenation exceptions out of 8191
 16i,4n,10p,178b,106s stack positions out of 5000i,500n,10000p,500000b,80000s
Output written on basicmethod.dvi (1 page, 804 bytes).
