This is e-pTeX, Version 3.14159265-p3.5-130605-2.6 (utf8.sjis) (TeX Live 2014/W32TeX) (preloaded format=platex 2014.10.19)  25 NOV 2014 15:55
entering extended mode
 restricted \write18 enabled.
 %&-line parsing enabled.
**./introduction.tex
(./introduction.tex
pLaTeX2e <2006/11/10> (based on LaTeX2e <2014/05/01> patch level 0)
Babel <3.9l> and hyphenation patterns for 79 languages loaded.
! Undefined control sequence.
l.1 \chapter
            {序論}
The control sequence at the end of the top line
of your error message was never \def'ed. If you have
misspelled it (e.g., `\hobx'), type `I' and the correct
spelling (e.g., `I\hbox'). Otherwise just continue,
and I'll forget about whatever was undefined.


! LaTeX Error: Missing \begin{document}.

See the LaTeX manual or LaTeX Companion for explanation.
Type  H <return>  for immediate help.
 ...                                              
                                                  
l.1 \chapter{序
               論}
You're in trouble here.  Try typing  <return>  to proceed.
If that doesn't work, type  X <return>  to quit.


Overfull \hbox (20.0pt too wide) in paragraph at lines 1--3
[]
 []


Overfull \hbox (9.62216pt too wide) in paragraph at lines 1--3
\JY1/mc/m/n/10 序
 []


Overfull \hbox (9.62216pt too wide) in paragraph at lines 1--3
\JY1/mc/m/n/10 論[] 
 []

! Undefined control sequence.
l.4 \section
            {＊研究背景＊}
The control sequence at the end of the top line
of your error message was never \def'ed. If you have
misspelled it (e.g., `\hobx'), type `I' and the correct
spelling (e.g., `I\hbox'). Otherwise just continue,
and I'll forget about whatever was undefined.


! LaTeX Error: Missing \begin{document}.

See the LaTeX manual or LaTeX Companion for explanation.
Type  H <return>  for immediate help.
 ...                                              
                                                  
l.4 \section{＊
               研究背景＊}
You're in trouble here.  Try typing  <return>  to proceed.
If that doesn't work, type  X <return>  to quit.


Overfull \hbox (20.0pt too wide) in paragraph at lines 4--6
[]
 []


Overfull \hbox (9.62216pt too wide) in paragraph at lines 4--6
\JY1/mc/m/n/10 ＊
 []


Overfull \hbox (9.62216pt too wide) in paragraph at lines 4--6
\JY1/mc/m/n/10 研
 []


Overfull \hbox (9.62216pt too wide) in paragraph at lines 4--6
\JY1/mc/m/n/10 究
 []


Overfull \hbox (9.62216pt too wide) in paragraph at lines 4--6
\JY1/mc/m/n/10 背
 []


Overfull \hbox (9.62216pt too wide) in paragraph at lines 4--6
\JY1/mc/m/n/10 景
 []


Overfull \hbox (9.62216pt too wide) in paragraph at lines 4--6
\JY1/mc/m/n/10 ＊[] 
 []


! LaTeX Error: Missing \begin{document}.

See the LaTeX manual or LaTeX Companion for explanation.
Type  H <return>  for immediate help.
 ...                                              
                                                  
l.7 近
      年では、コンピュータグラフィックスの表現において、実写並みのリアリズム...

You're in trouble here.  Try typing  <return>  to proceed.
If that doesn't work, type  X <return>  to quit.


Overfull \hbox (20.0pt too wide) in paragraph at lines 7--9
[]
 []


Overfull \hbox (9.62216pt too wide) in paragraph at lines 7--9
\JY1/mc/m/n/10 近
 []


Overfull \hbox (9.62216pt too wide) in paragraph at lines 7--9
\JY1/mc/m/n/10 年
 []


Overfull \hbox (9.62216pt too wide) in paragraph at lines 7--9
\JY1/mc/m/n/10 で
 []


Overfull \hbox (14.1623pt too wide) in paragraph at lines 7--9
\JY1/mc/m/n/10 は 、
 []


Overfull \hbox (9.62216pt too wide) in paragraph at lines 7--9
\JY1/mc/m/n/10 コ
 []


Overfull \hbox (9.62216pt too wide) in paragraph at lines 7--9
\JY1/mc/m/n/10 ン
 []


Overfull \hbox (9.62216pt too wide) in paragraph at lines 7--9
\JY1/mc/m/n/10 ピ
 []


Overfull \hbox (17.0965pt too wide) in paragraph at lines 7--9
\JY1/mc/m/n/10 ュ ー
 []


Overfull \hbox (9.62216pt too wide) in paragraph at lines 7--9
\JY1/mc/m/n/10 タ
 []


Overfull \hbox (9.62216pt too wide) in paragraph at lines 7--9
\JY1/mc/m/n/10 グ
 []


Overfull \hbox (9.62216pt too wide) in paragraph at lines 7--9
\JY1/mc/m/n/10 ラ
 []


Overfull \hbox (9.62216pt too wide) in paragraph at lines 7--9
\JY1/mc/m/n/10 フ
 []


Overfull \hbox (7.47433pt too wide) in paragraph at lines 7--9
\JY1/mc/m/n/10 ィ
 []


Overfull \hbox (7.47433pt too wide) in paragraph at lines 7--9
\JY1/mc/m/n/10 ッ
 []


Overfull \hbox (9.62216pt too wide) in paragraph at lines 7--9
\JY1/mc/m/n/10 ク
 []


Overfull \hbox (9.62216pt too wide) in paragraph at lines 7--9
\JY1/mc/m/n/10 ス
 []


Overfull \hbox (9.62216pt too wide) in paragraph at lines 7--9
\JY1/mc/m/n/10 の
 []


Overfull \hbox (9.62216pt too wide) in paragraph at lines 7--9
\JY1/mc/m/n/10 表
 []


Overfull \hbox (9.62216pt too wide) in paragraph at lines 7--9
\JY1/mc/m/n/10 現
 []


Overfull \hbox (9.62216pt too wide) in paragraph at lines 7--9
\JY1/mc/m/n/10 に
 []


Overfull \hbox (9.62216pt too wide) in paragraph at lines 7--9
\JY1/mc/m/n/10 お
 []


Overfull \hbox (9.62216pt too wide) in paragraph at lines 7--9
\JY1/mc/m/n/10 い
 []


Overfull \hbox (14.1623pt too wide) in paragraph at lines 7--9
\JY1/mc/m/n/10 て 、
 []


Overfull \hbox (9.62216pt too wide) in paragraph at lines 7--9
\JY1/mc/m/n/10 実
 []


Overfull \hbox (9.62216pt too wide) in paragraph at lines 7--9
\JY1/mc/m/n/10 写
 []


Overfull \hbox (9.62216pt too wide) in paragraph at lines 7--9
\JY1/mc/m/n/10 並
 []


Overfull \hbox (9.62216pt too wide) in paragraph at lines 7--9
\JY1/mc/m/n/10 み
 []


Overfull \hbox (9.62216pt too wide) in paragraph at lines 7--9
\JY1/mc/m/n/10 の
 []


Overfull \hbox (9.62216pt too wide) in paragraph at lines 7--9
\JY1/mc/m/n/10 リ
 []


Overfull \hbox (9.62216pt too wide) in paragraph at lines 7--9
\JY1/mc/m/n/10 ア
 []


Overfull \hbox (9.62216pt too wide) in paragraph at lines 7--9
\JY1/mc/m/n/10 リ
 []


Overfull \hbox (9.62216pt too wide) in paragraph at lines 7--9
\JY1/mc/m/n/10 ズ
 []


Overfull \hbox (9.62216pt too wide) in paragraph at lines 7--9
\JY1/mc/m/n/10 ム
 []


Overfull \hbox (9.62216pt too wide) in paragraph at lines 7--9
\JY1/mc/m/n/10 が
 []


Overfull \hbox (9.62216pt too wide) in paragraph at lines 7--9
\JY1/mc/m/n/10 要
 []


Overfull \hbox (9.62216pt too wide) in paragraph at lines 7--9
\JY1/mc/m/n/10 求
 []


Overfull \hbox (9.62216pt too wide) in paragraph at lines 7--9
\JY1/mc/m/n/10 さ
 []


Overfull \hbox (9.62216pt too wide) in paragraph at lines 7--9
\JY1/mc/m/n/10 れ
 []


Overfull \hbox (9.62216pt too wide) in paragraph at lines 7--9
\JY1/mc/m/n/10 る
 []


Overfull \hbox (9.62216pt too wide) in paragraph at lines 7--9
\JY1/mc/m/n/10 よ
 []


Overfull \hbox (9.62216pt too wide) in paragraph at lines 7--9
\JY1/mc/m/n/10 う
 []


Overfull \hbox (9.62216pt too wide) in paragraph at lines 7--9
\JY1/mc/m/n/10 に
 []


Overfull \hbox (9.62216pt too wide) in paragraph at lines 7--9
\JY1/mc/m/n/10 な
 []


Overfull \hbox (7.47433pt too wide) in paragraph at lines 7--9
\JY1/mc/m/n/10 っ
 []


Overfull \hbox (9.62216pt too wide) in paragraph at lines 7--9
\JY1/mc/m/n/10 て
 []


Overfull \hbox (9.62216pt too wide) in paragraph at lines 7--9
\JY1/mc/m/n/10 き
 []


Overfull \hbox (14.1623pt too wide) in paragraph at lines 7--9
\JY1/mc/m/n/10 た 。
 []


Overfull \hbox (9.62216pt too wide) in paragraph at lines 7--9
\JY1/mc/m/n/10 実
 []


Overfull \hbox (9.62216pt too wide) in paragraph at lines 7--9
\JY1/mc/m/n/10 物
 []


Overfull \hbox (9.62216pt too wide) in paragraph at lines 7--9
\JY1/mc/m/n/10 と
 []


Overfull \hbox (9.62216pt too wide) in paragraph at lines 7--9
\JY1/mc/m/n/10 見
 []


Overfull \hbox (9.62216pt too wide) in paragraph at lines 7--9
\JY1/mc/m/n/10 間
 []


Overfull \hbox (9.62216pt too wide) in paragraph at lines 7--9
\JY1/mc/m/n/10 違
 []


Overfull \hbox (9.62216pt too wide) in paragraph at lines 7--9
\JY1/mc/m/n/10 う
 []


Overfull \hbox (9.62216pt too wide) in paragraph at lines 7--9
\JY1/mc/m/n/10 ほ
 []


Overfull \hbox (9.62216pt too wide) in paragraph at lines 7--9
\JY1/mc/m/n/10 ど
 []


Overfull \hbox (9.62216pt too wide) in paragraph at lines 7--9
\JY1/mc/m/n/10 の
 []


Overfull \hbox (15.06946pt too wide) in paragraph at lines 7--9
\OT1/cmr/m/n/10 CG
 []


Overfull \hbox (9.62216pt too wide) in paragraph at lines 7--9
\JY1/mc/m/n/10 も
 []


Overfull \hbox (9.62216pt too wide) in paragraph at lines 7--9
\JY1/mc/m/n/10 珍
 []


Overfull \hbox (9.62216pt too wide) in paragraph at lines 7--9
\JY1/mc/m/n/10 し
 []


Overfull \hbox (9.62216pt too wide) in paragraph at lines 7--9
\JY1/mc/m/n/10 く
 []


Overfull \hbox (9.62216pt too wide) in paragraph at lines 7--9
\JY1/mc/m/n/10 な
 []


Overfull \hbox (9.62216pt too wide) in paragraph at lines 7--9
\JY1/mc/m/n/10 く
 []


Overfull \hbox (9.62216pt too wide) in paragraph at lines 7--9
\JY1/mc/m/n/10 な
 []


Overfull \hbox (14.18115pt too wide) in paragraph at lines 7--9
\JY1/mc/m/n/10 り、
 []


Overfull \hbox (9.62216pt too wide) in paragraph at lines 7--9
\JY1/mc/m/n/10 聴
 []


Overfull \hbox (9.62216pt too wide) in paragraph at lines 7--9
\JY1/mc/m/n/10 衆
 []


Overfull \hbox (9.62216pt too wide) in paragraph at lines 7--9
\JY1/mc/m/n/10 は
 []


Overfull \hbox (9.62216pt too wide) in paragraph at lines 7--9
\JY1/mc/m/n/10 実
 []


Overfull \hbox (9.62216pt too wide) in paragraph at lines 7--9
\JY1/mc/m/n/10 物
 []


Overfull \hbox (9.62216pt too wide) in paragraph at lines 7--9
\JY1/mc/m/n/10 と
 []


Overfull \hbox (15.06946pt too wide) in paragraph at lines 7--9
\OT1/cmr/m/n/10 CG
 []


Overfull \hbox (9.62216pt too wide) in paragraph at lines 7--9
\JY1/mc/m/n/10 と
 []


Overfull \hbox (9.62216pt too wide) in paragraph at lines 7--9
\JY1/mc/m/n/10 の
 []


Overfull \hbox (9.62216pt too wide) in paragraph at lines 7--9
\JY1/mc/m/n/10 差
 []


Overfull \hbox (9.62216pt too wide) in paragraph at lines 7--9
\JY1/mc/m/n/10 異
 []


Overfull \hbox (9.62216pt too wide) in paragraph at lines 7--9
\JY1/mc/m/n/10 に
 []


Overfull \hbox (9.62216pt too wide) in paragraph at lines 7--9
\JY1/mc/m/n/10 敏
 []


Overfull \hbox (9.62216pt too wide) in paragraph at lines 7--9
\JY1/mc/m/n/10 感
 []


Overfull \hbox (9.62216pt too wide) in paragraph at lines 7--9
\JY1/mc/m/n/10 に
 []


Overfull \hbox (9.62216pt too wide) in paragraph at lines 7--9
\JY1/mc/m/n/10 な
 []


Overfull \hbox (7.47433pt too wide) in paragraph at lines 7--9
\JY1/mc/m/n/10 っ
 []


Overfull \hbox (9.62216pt too wide) in paragraph at lines 7--9
\JY1/mc/m/n/10 て
 []


Overfull \hbox (9.62216pt too wide) in paragraph at lines 7--9
\JY1/mc/m/n/10 き
 []


Overfull \hbox (9.62216pt too wide) in paragraph at lines 7--9
\JY1/mc/m/n/10 て
 []


Overfull \hbox (9.62216pt too wide) in paragraph at lines 7--9
\JY1/mc/m/n/10 い
 []


Overfull \hbox (14.1623pt too wide) in paragraph at lines 7--9
\JY1/mc/m/n/10 る 。 
 []

! Undefined control sequence.
l.10 \section
             {本研究の目的}
The control sequence at the end of the top line
of your error message was never \def'ed. If you have
misspelled it (e.g., `\hobx'), type `I' and the correct
spelling (e.g., `I\hbox'). Otherwise just continue,
and I'll forget about whatever was undefined.


! LaTeX Error: Missing \begin{document}.

See the LaTeX manual or LaTeX Companion for explanation.
Type  H <return>  for immediate help.
 ...                                              
                                                  
l.10 \section{本
                研究の目的}
You're in trouble here.  Try typing  <return>  to proceed.
If that doesn't work, type  X <return>  to quit.


Overfull \hbox (20.0pt too wide) in paragraph at lines 10--12
[]
 []


Overfull \hbox (9.62216pt too wide) in paragraph at lines 10--12
\JY1/mc/m/n/10 本
 []


Overfull \hbox (9.62216pt too wide) in paragraph at lines 10--12
\JY1/mc/m/n/10 研
 []


Overfull \hbox (9.62216pt too wide) in paragraph at lines 10--12
\JY1/mc/m/n/10 究
 []


Overfull \hbox (9.62216pt too wide) in paragraph at lines 10--12
\JY1/mc/m/n/10 の
 []


Overfull \hbox (9.62216pt too wide) in paragraph at lines 10--12
\JY1/mc/m/n/10 目
 []


Overfull \hbox (9.62216pt too wide) in paragraph at lines 10--12
\JY1/mc/m/n/10 的[] 
 []


! LaTeX Error: The font size command \normalsize is not defined:
               there is probably something wrong with the class file.

See the LaTeX manual or LaTeX Companion for explanation.
Type  H <return>  for immediate help.
 ...                                              
                                                  
l.12 
     
Your command was ignored.
Type  I <command> <return>  to replace it with another command,
or  <return>  to continue without it.

[1
! Undefined control sequence.
<write> \newlabel{CBegin}{{}{\thepage 
                                      }}
l.12 
     
The control sequence at the end of the top line
of your error message was never \def'ed. If you have
misspelled it (e.g., `\hobx'), type `I' and the correct
spelling (e.g., `I\hbox'). Otherwise just continue,
and I'll forget about whatever was undefined.

\newlabel{CBegin}{{}{}}
! Undefined control sequence.
<write> \newlabel{SBackground}{{}{\thepage 
                                           }}
l.12 
     
The control sequence at the end of the top line
of your error message was never \def'ed. If you have
misspelled it (e.g., `\hobx'), type `I' and the correct
spelling (e.g., `I\hbox'). Otherwise just continue,
and I'll forget about whatever was undefined.

\newlabel{SBackground}{{}{}}
]

! LaTeX Error: Missing \begin{document}.

See the LaTeX manual or LaTeX Companion for explanation.
Type  H <return>  for immediate help.
 ...                                              
                                                  
l.13 こ
       れまでに紹介したように、
You're in trouble here.  Try typing  <return>  to proceed.
If that doesn't work, type  X <return>  to quit.


Overfull \hbox (20.0pt too wide) in paragraph at lines 13--14
[]
 []


Overfull \hbox (9.62216pt too wide) in paragraph at lines 13--14
\JY1/mc/m/n/10 こ
 []


Overfull \hbox (9.62216pt too wide) in paragraph at lines 13--14
\JY1/mc/m/n/10 れ
 []


Overfull \hbox (9.62216pt too wide) in paragraph at lines 13--14
\JY1/mc/m/n/10 ま
 []


Overfull \hbox (9.62216pt too wide) in paragraph at lines 13--14
\JY1/mc/m/n/10 で
 []


Overfull \hbox (9.62216pt too wide) in paragraph at lines 13--14
\JY1/mc/m/n/10 に
 []


Overfull \hbox (9.62216pt too wide) in paragraph at lines 13--14
\JY1/mc/m/n/10 紹
 []


Overfull \hbox (9.62216pt too wide) in paragraph at lines 13--14
\JY1/mc/m/n/10 介
 []


Overfull \hbox (9.62216pt too wide) in paragraph at lines 13--14
\JY1/mc/m/n/10 し
 []


Overfull \hbox (9.62216pt too wide) in paragraph at lines 13--14
\JY1/mc/m/n/10 た
 []


Overfull \hbox (9.62216pt too wide) in paragraph at lines 13--14
\JY1/mc/m/n/10 よ
 []


Overfull \hbox (9.62216pt too wide) in paragraph at lines 13--14
\JY1/mc/m/n/10 う
 []


Overfull \hbox (14.1623pt too wide) in paragraph at lines 13--14
\JY1/mc/m/n/10 に 、 
 []

! Undefined control sequence.
l.15 \section
             {本論文の構成}
The control sequence at the end of the top line
of your error message was never \def'ed. If you have
misspelled it (e.g., `\hobx'), type `I' and the correct
spelling (e.g., `I\hbox'). Otherwise just continue,
and I'll forget about whatever was undefined.


! LaTeX Error: Missing \begin{document}.

See the LaTeX manual or LaTeX Companion for explanation.
Type  H <return>  for immediate help.
 ...                                              
                                                  
l.15 \section{本
                論文の構成}
You're in trouble here.  Try typing  <return>  to proceed.
If that doesn't work, type  X <return>  to quit.


Overfull \hbox (20.0pt too wide) in paragraph at lines 15--17
[]
 []


Overfull \hbox (9.62216pt too wide) in paragraph at lines 15--17
\JY1/mc/m/n/10 本
 []


Overfull \hbox (9.62216pt too wide) in paragraph at lines 15--17
\JY1/mc/m/n/10 論
 []


Overfull \hbox (9.62216pt too wide) in paragraph at lines 15--17
\JY1/mc/m/n/10 文
 []


Overfull \hbox (9.62216pt too wide) in paragraph at lines 15--17
\JY1/mc/m/n/10 の
 []


Overfull \hbox (9.62216pt too wide) in paragraph at lines 15--17
\JY1/mc/m/n/10 構
 []


Overfull \hbox (9.62216pt too wide) in paragraph at lines 15--17
\JY1/mc/m/n/10 成[] 
 []


! LaTeX Error: Missing \begin{document}.

See the LaTeX manual or LaTeX Companion for explanation.
Type  H <return>  for immediate help.
 ...                                              
                                                  
l.18 ＊
       ＊＊要チェックポイント＊＊＊
You're in trouble here.  Try typing  <return>  to proceed.
If that doesn't work, type  X <return>  to quit.

! Undefined control sequence.
l.20 次の\chapref
                 {CRelatedWork}では、本研究と関連のある技術手法や、生物分野...
The control sequence at the end of the top line
of your error message was never \def'ed. If you have
misspelled it (e.g., `\hobx'), type `I' and the correct
spelling (e.g., `I\hbox'). Otherwise just continue,
and I'll forget about whatever was undefined.

! Undefined control sequence.
l.21 \chapref
             {CTechnology}では、周辺技術として本研究の基礎となる、シェーダア...
The control sequence at the end of the top line
of your error message was never \def'ed. If you have
misspelled it (e.g., `\hobx'), type `I' and the correct
spelling (e.g., `I\hbox'). Otherwise just continue,
and I'll forget about whatever was undefined.


Overfull \hbox (20.0pt too wide) in paragraph at lines 18--22
[]
 []


Overfull \hbox (9.62216pt too wide) in paragraph at lines 18--22
\JY1/mc/m/n/10 ＊
 []


Overfull \hbox (9.62216pt too wide) in paragraph at lines 18--22
\JY1/mc/m/n/10 ＊
 []


Overfull \hbox (9.62216pt too wide) in paragraph at lines 18--22
\JY1/mc/m/n/10 ＊
 []


Overfull \hbox (9.62216pt too wide) in paragraph at lines 18--22
\JY1/mc/m/n/10 要
 []


Overfull \hbox (9.62216pt too wide) in paragraph at lines 18--22
\JY1/mc/m/n/10 チ
 []


Overfull \hbox (7.47433pt too wide) in paragraph at lines 18--22
\JY1/mc/m/n/10 ェ
 []


Overfull \hbox (7.47433pt too wide) in paragraph at lines 18--22
\JY1/mc/m/n/10 ッ
 []


Overfull \hbox (9.62216pt too wide) in paragraph at lines 18--22
\JY1/mc/m/n/10 ク
 []


Overfull \hbox (9.62216pt too wide) in paragraph at lines 18--22
\JY1/mc/m/n/10 ポ
 []


Overfull \hbox (9.62216pt too wide) in paragraph at lines 18--22
\JY1/mc/m/n/10 イ
 []


Overfull \hbox (9.62216pt too wide) in paragraph at lines 18--22
\JY1/mc/m/n/10 ン
 []


Overfull \hbox (9.62216pt too wide) in paragraph at lines 18--22
\JY1/mc/m/n/10 ト
 []


Overfull \hbox (9.62216pt too wide) in paragraph at lines 18--22
\JY1/mc/m/n/10 ＊
 []


Overfull \hbox (9.62216pt too wide) in paragraph at lines 18--22
\JY1/mc/m/n/10 ＊
 []


Overfull \hbox (9.62216pt too wide) in paragraph at lines 18--22
\JY1/mc/m/n/10 ＊
 []


Overfull \hbox (9.62216pt too wide) in paragraph at lines 18--22
\JY1/mc/m/n/10 本
 []


Overfull \hbox (9.62216pt too wide) in paragraph at lines 18--22
\JY1/mc/m/n/10 論
 []


Overfull \hbox (9.62216pt too wide) in paragraph at lines 18--22
\JY1/mc/m/n/10 文
 []


Overfull \hbox (9.62216pt too wide) in paragraph at lines 18--22
\JY1/mc/m/n/10 の
 []


Overfull \hbox (9.62216pt too wide) in paragraph at lines 18--22
\JY1/mc/m/n/10 構
 []


Overfull \hbox (9.62216pt too wide) in paragraph at lines 18--22
\JY1/mc/m/n/10 成
 []


Overfull \hbox (9.62216pt too wide) in paragraph at lines 18--22
\JY1/mc/m/n/10 に
 []


Overfull \hbox (9.62216pt too wide) in paragraph at lines 18--22
\JY1/mc/m/n/10 つ
 []


Overfull \hbox (9.62216pt too wide) in paragraph at lines 18--22
\JY1/mc/m/n/10 い
 []


Overfull \hbox (9.62216pt too wide) in paragraph at lines 18--22
\JY1/mc/m/n/10 て
 []


Overfull \hbox (9.62216pt too wide) in paragraph at lines 18--22
\JY1/mc/m/n/10 述
 []


Overfull \hbox (9.62216pt too wide) in paragraph at lines 18--22
\JY1/mc/m/n/10 べ
 []


Overfull \hbox (14.1623pt too wide) in paragraph at lines 18--22
\JY1/mc/m/n/10 る 。
 []


Overfull \hbox (9.62216pt too wide) in paragraph at lines 18--22
\JY1/mc/m/n/10 次
 []


Overfull \hbox (9.62216pt too wide) in paragraph at lines 18--22
\JY1/mc/m/n/10 の
 []


Overfull \hbox (22.36111pt too wide) in paragraph at lines 18--22
\OT1/cmr/m/n/10 CRe-
 []


Overfull \hbox (15.00003pt too wide) in paragraph at lines 18--22
\OT1/cmr/m/n/10 lat-
 []


Overfull \hbox (13.33334pt too wide) in paragraph at lines 18--22
\OT1/cmr/m/n/10 ed-
 []


Overfull \hbox (23.63895pt too wide) in paragraph at lines 18--22
\OT1/cmr/m/n/10 Work
 []


Overfull \hbox (9.62216pt too wide) in paragraph at lines 18--22
\JY1/mc/m/n/10 で
 []


Overfull \hbox (14.1623pt too wide) in paragraph at lines 18--22
\JY1/mc/m/n/10 は 、
 []


Overfull \hbox (9.62216pt too wide) in paragraph at lines 18--22
\JY1/mc/m/n/10 本
 []


Overfull \hbox (9.62216pt too wide) in paragraph at lines 18--22
\JY1/mc/m/n/10 研
 []


Overfull \hbox (9.62216pt too wide) in paragraph at lines 18--22
\JY1/mc/m/n/10 究
 []


Overfull \hbox (9.62216pt too wide) in paragraph at lines 18--22
\JY1/mc/m/n/10 と
 []


Overfull \hbox (9.62216pt too wide) in paragraph at lines 18--22
\JY1/mc/m/n/10 関
 []


Overfull \hbox (9.62216pt too wide) in paragraph at lines 18--22
\JY1/mc/m/n/10 連
 []


Overfull \hbox (9.62216pt too wide) in paragraph at lines 18--22
\JY1/mc/m/n/10 の
 []


Overfull \hbox (9.62216pt too wide) in paragraph at lines 18--22
\JY1/mc/m/n/10 あ
 []


Overfull \hbox (9.62216pt too wide) in paragraph at lines 18--22
\JY1/mc/m/n/10 る
 []


Overfull \hbox (9.62216pt too wide) in paragraph at lines 18--22
\JY1/mc/m/n/10 技
 []


Overfull \hbox (9.62216pt too wide) in paragraph at lines 18--22
\JY1/mc/m/n/10 術
 []


Overfull \hbox (9.62216pt too wide) in paragraph at lines 18--22
\JY1/mc/m/n/10 手
 []


Overfull \hbox (9.62216pt too wide) in paragraph at lines 18--22
\JY1/mc/m/n/10 法
 []


Overfull \hbox (14.1623pt too wide) in paragraph at lines 18--22
\JY1/mc/m/n/10 や 、
 []


Overfull \hbox (9.62216pt too wide) in paragraph at lines 18--22
\JY1/mc/m/n/10 生
 []


Overfull \hbox (9.62216pt too wide) in paragraph at lines 18--22
\JY1/mc/m/n/10 物
 []


Overfull \hbox (9.62216pt too wide) in paragraph at lines 18--22
\JY1/mc/m/n/10 分
 []


Overfull \hbox (9.62216pt too wide) in paragraph at lines 18--22
\JY1/mc/m/n/10 野
 []


Overfull \hbox (9.62216pt too wide) in paragraph at lines 18--22
\JY1/mc/m/n/10 で
 []


Overfull \hbox (9.62216pt too wide) in paragraph at lines 18--22
\JY1/mc/m/n/10 複
 []


Overfull \hbox (9.62216pt too wide) in paragraph at lines 18--22
\JY1/mc/m/n/10 眼
 []


Overfull \hbox (9.62216pt too wide) in paragraph at lines 18--22
\JY1/mc/m/n/10 に
 []


Overfull \hbox (9.62216pt too wide) in paragraph at lines 18--22
\JY1/mc/m/n/10 つ
 []


Overfull \hbox (9.62216pt too wide) in paragraph at lines 18--22
\JY1/mc/m/n/10 い
 []


Overfull \hbox (9.62216pt too wide) in paragraph at lines 18--22
\JY1/mc/m/n/10 て
 []


Overfull \hbox (9.62216pt too wide) in paragraph at lines 18--22
\JY1/mc/m/n/10 調
 []


Overfull \hbox (9.62216pt too wide) in paragraph at lines 18--22
\JY1/mc/m/n/10 査
 []


Overfull \hbox (9.62216pt too wide) in paragraph at lines 18--22
\JY1/mc/m/n/10 等
 []


Overfull \hbox (9.62216pt too wide) in paragraph at lines 18--22
\JY1/mc/m/n/10 を
 []


Overfull \hbox (9.62216pt too wide) in paragraph at lines 18--22
\JY1/mc/m/n/10 行
 []


Overfull \hbox (7.47433pt too wide) in paragraph at lines 18--22
\JY1/mc/m/n/10 っ
 []


Overfull \hbox (9.62216pt too wide) in paragraph at lines 18--22
\JY1/mc/m/n/10 た
 []


Overfull \hbox (9.62216pt too wide) in paragraph at lines 18--22
\JY1/mc/m/n/10 研
 []


Overfull \hbox (9.62216pt too wide) in paragraph at lines 18--22
\JY1/mc/m/n/10 究
 []


Overfull \hbox (9.62216pt too wide) in paragraph at lines 18--22
\JY1/mc/m/n/10 を
 []


Overfull \hbox (9.62216pt too wide) in paragraph at lines 18--22
\JY1/mc/m/n/10 紹
 []


Overfull \hbox (9.62216pt too wide) in paragraph at lines 18--22
\JY1/mc/m/n/10 介
 []


Overfull \hbox (9.62216pt too wide) in paragraph at lines 18--22
\JY1/mc/m/n/10 す
 []


Overfull \hbox (14.1623pt too wide) in paragraph at lines 18--22
\JY1/mc/m/n/10 る 。
 []


Overfull \hbox (31.11111pt too wide) in paragraph at lines 18--22
\OT1/cmr/m/n/10 CTech-
 []


Overfull \hbox (16.6667pt too wide) in paragraph at lines 18--22
\OT1/cmr/m/n/10 nol-
 []


Overfull \hbox (15.27783pt too wide) in paragraph at lines 18--22
\OT1/cmr/m/n/10 ogy
 []


Overfull \hbox (9.62216pt too wide) in paragraph at lines 18--22
\JY1/mc/m/n/10 で
 []


Overfull \hbox (14.1623pt too wide) in paragraph at lines 18--22
\JY1/mc/m/n/10 は 、
 []


Overfull \hbox (9.62216pt too wide) in paragraph at lines 18--22
\JY1/mc/m/n/10 周
 []


Overfull \hbox (9.62216pt too wide) in paragraph at lines 18--22
\JY1/mc/m/n/10 辺
 []


Overfull \hbox (9.62216pt too wide) in paragraph at lines 18--22
\JY1/mc/m/n/10 技
 []


Overfull \hbox (9.62216pt too wide) in paragraph at lines 18--22
\JY1/mc/m/n/10 術
 []


Overfull \hbox (9.62216pt too wide) in paragraph at lines 18--22
\JY1/mc/m/n/10 と
 []


Overfull \hbox (9.62216pt too wide) in paragraph at lines 18--22
\JY1/mc/m/n/10 し
 []


Overfull \hbox (9.62216pt too wide) in paragraph at lines 18--22
\JY1/mc/m/n/10 て
 []


Overfull \hbox (9.62216pt too wide) in paragraph at lines 18--22
\JY1/mc/m/n/10 本
 []


Overfull \hbox (9.62216pt too wide) in paragraph at lines 18--22
\JY1/mc/m/n/10 研
 []


Overfull \hbox (9.62216pt too wide) in paragraph at lines 18--22
\JY1/mc/m/n/10 究
 []


Overfull \hbox (9.62216pt too wide) in paragraph at lines 18--22
\JY1/mc/m/n/10 の
 []


Overfull \hbox (9.62216pt too wide) in paragraph at lines 18--22
\JY1/mc/m/n/10 基
 []


Overfull \hbox (9.62216pt too wide) in paragraph at lines 18--22
\JY1/mc/m/n/10 礎
 []


Overfull \hbox (9.62216pt too wide) in paragraph at lines 18--22
\JY1/mc/m/n/10 と
 []


Overfull \hbox (9.62216pt too wide) in paragraph at lines 18--22
\JY1/mc/m/n/10 な
 []


Overfull \hbox (14.1623pt too wide) in paragraph at lines 18--22
\JY1/mc/m/n/10 る 、
 []


Overfull \hbox (9.62216pt too wide) in paragraph at lines 18--22
\JY1/mc/m/n/10 シ
 []


Overfull \hbox (17.0965pt too wide) in paragraph at lines 18--22
\JY1/mc/m/n/10 ェ ー
 []


Overfull \hbox (9.62216pt too wide) in paragraph at lines 18--22
\JY1/mc/m/n/10 ダ
 []


Overfull \hbox (9.62216pt too wide) in paragraph at lines 18--22
\JY1/mc/m/n/10 ア
 []


Overfull \hbox (9.62216pt too wide) in paragraph at lines 18--22
\JY1/mc/m/n/10 ル
 []


Overfull \hbox (9.62216pt too wide) in paragraph at lines 18--22
\JY1/mc/m/n/10 ゴ
 []


Overfull \hbox (9.62216pt too wide) in paragraph at lines 18--22
\JY1/mc/m/n/10 リ
 []


Overfull \hbox (9.62216pt too wide) in paragraph at lines 18--22
\JY1/mc/m/n/10 ズ
 []


Overfull \hbox (9.62216pt too wide) in paragraph at lines 18--22
\JY1/mc/m/n/10 ム
 []


Overfull \hbox (9.62216pt too wide) in paragraph at lines 18--22
\JY1/mc/m/n/10 に
 []


Overfull \hbox (9.62216pt too wide) in paragraph at lines 18--22
\JY1/mc/m/n/10 つ
 []


Overfull \hbox (9.62216pt too wide) in paragraph at lines 18--22
\JY1/mc/m/n/10 い
 []


Overfull \hbox (9.62216pt too wide) in paragraph at lines 18--22
\JY1/mc/m/n/10 て
 []


Overfull \hbox (9.62216pt too wide) in paragraph at lines 18--22
\JY1/mc/m/n/10 解
 []


Overfull \hbox (9.62216pt too wide) in paragraph at lines 18--22
\JY1/mc/m/n/10 説
 []


Overfull \hbox (9.62216pt too wide) in paragraph at lines 18--22
\JY1/mc/m/n/10 を
 []


Overfull \hbox (9.62216pt too wide) in paragraph at lines 18--22
\JY1/mc/m/n/10 行
 []


Overfull \hbox (14.18115pt too wide) in paragraph at lines 18--22
\JY1/mc/m/n/10 う。 
 []

)
! Emergency stop.
<*> ./introduction.tex
                      
*** (job aborted, no legal \end found)

 
Here is how much of TeX's memory you used:
 5 strings out of 493799
 80 string characters out of 6153369
 56460 words of memory out of 5000000
 3571 multiletter control sequences out of 15000+600000
 7511 words of font info for 31 fonts, out of 8000000 for 9000
 929 hyphenation exceptions out of 8191
 16i,4n,10p,135b,106s stack positions out of 5000i,500n,10000p,500000b,80000s
Output written on introduction.dvi (1 page, 856 bytes).
